g++ -std=gnu++11 -I. -O3 -fomit-frame-pointer -fPIC -o obj/ananke.o -c ananke.cpp
g++ -std=gnu++11 -I. -O3 -fomit-frame-pointer -shared -Wl,-soname,libananke.so.1 -o libananke.so obj/ananke.o
g++ -std=gnu++11 -I. -O3 -fomit-frame-pointer -o obj/phoenix.o -c phoenix/phoenix.cpp -DPHOENIX_GTK `pkg-config --cflags gtk+-2.0`
g++ -std=gnu++11 -I. -O3 -fomit-frame-pointer -o obj/purify.o -c purify.cpp
g++ -std=gnu++11 -pthread -s -lX11 -ldl -Wl,-export-dynamic -o purify obj/phoenix.o obj/purify.o `pkg-config --libs gtk+-2.0`
g++ -std=gnu++0x -I. -O3 -fomit-frame-pointer -march=native -DPROFILE_ACCURACY -c target-ethos/ethos.cpp -o obj/ui-ethos.o
g++ -std=gnu++0x -I. -O3 -fomit-frame-pointer -march=native -DPROFILE_ACCURACY -c target-ethos/configuration/configuration.cpp -o obj/ui-configuration.o
g++ -std=gnu++0x -I. -O3 -fomit-frame-pointer -march=native -DPROFILE_ACCURACY -c target-ethos/interface/interface.cpp -o obj/ui-interface.o
g++ -std=gnu++0x -I. -O3 -fomit-frame-pointer -march=native -DPROFILE_ACCURACY -c target-ethos/utility/utility.cpp -o obj/ui-utility.o
g++ -std=gnu++0x -I. -O3 -fomit-frame-pointer -march=native -DPROFILE_ACCURACY -c target-ethos/input/input.cpp -o obj/ui-input.o
g++ -std=gnu++0x -I. -O3 -fomit-frame-pointer -march=native -DPROFILE_ACCURACY -c target-ethos/window/window.cpp -o obj/ui-window.o
g++ -std=gnu++0x -I. -O3 -fomit-frame-pointer -march=native -DPROFILE_ACCURACY -c target-ethos/general/general.cpp -o obj/ui-general.o
g++ -std=gnu++0x -I. -O3 -fomit-frame-pointer -march=native -DPROFILE_ACCURACY -c target-ethos/settings/settings.cpp -o obj/ui-settings.o
g++ -std=gnu++0x -I. -O3 -fomit-frame-pointer -march=native -DPROFILE_ACCURACY -c target-ethos/tools/tools.cpp -o obj/ui-tools.o
g++ -std=gnu++0x -I. -O3 -fomit-frame-pointer -march=native -DPROFILE_ACCURACY -DPHOENIX_GTK `pkg-config --cflags gtk+-2.0` -c phoenix/phoenix.cpp -o obj/phoenix.o
g++ -std=gnu++0x -I. -O3 -fomit-frame-pointer -march=native -DPROFILE_ACCURACY -DVIDEO_GLX -DVIDEO_XV -DVIDEO_SDL -DAUDIO_ALSA -DAUDIO_OPENAL -DAUDIO_OSS -DAUDIO_PULSEAUDIO -DAUDIO_PULSEAUDIOSIMPLE -DAUDIO_AO -DINPUT_SDL -DINPUT_X -c ruby/ruby.cpp -o obj/ruby.o
gcc -std=gnu99 -I. -O3 -fomit-frame-pointer -march=native -DPROFILE_ACCURACY -c libco/libco.c -o obj/libco.o
g++ -std=gnu++0x -I. -O3 -fomit-frame-pointer -march=native -DPROFILE_ACCURACY -c processor/arm/arm.cpp -o obj/processor-arm.o
g++ -std=gnu++0x -I. -O3 -fomit-frame-pointer -march=native -DPROFILE_ACCURACY -c processor/gsu/gsu.cpp -o obj/processor-gsu.o
g++ -std=gnu++0x -I. -O3 -fomit-frame-pointer -march=native -DPROFILE_ACCURACY -c processor/hg51b/hg51b.cpp -o obj/processor-hg51b.o
g++ -std=gnu++0x -I. -O3 -fomit-frame-pointer -march=native -DPROFILE_ACCURACY -c processor/lr35902/lr35902.cpp -o obj/processor-lr35902.o
g++ -std=gnu++0x -I. -O3 -fomit-frame-pointer -march=native -DPROFILE_ACCURACY -c processor/r6502/r6502.cpp -o obj/processor-r6502.o
g++ -std=gnu++0x -I. -O3 -fomit-frame-pointer -march=native -DPROFILE_ACCURACY -c processor/r65816/r65816.cpp -o obj/processor-r65816.o
g++ -std=gnu++0x -I. -O3 -fomit-frame-pointer -march=native -DPROFILE_ACCURACY -c processor/spc700/spc700.cpp -o obj/processor-spc700.o
g++ -std=gnu++0x -I. -O3 -fomit-frame-pointer -march=native -DPROFILE_ACCURACY -c processor/upd96050/upd96050.cpp -o obj/processor-upd96050.o
g++ -std=gnu++0x -I. -O3 -fomit-frame-pointer -march=native -DPROFILE_ACCURACY -c fc/interface/interface.cpp -o obj/fc-interface.o
g++ -std=gnu++0x -I. -O3 -fomit-frame-pointer -march=native -DPROFILE_ACCURACY -c fc/system/system.cpp -o obj/fc-system.o
g++ -std=gnu++0x -I. -O3 -fomit-frame-pointer -march=native -DPROFILE_ACCURACY -c fc/scheduler/scheduler.cpp -o obj/fc-scheduler.o
g++ -std=gnu++0x -I. -O3 -fomit-frame-pointer -march=native -DPROFILE_ACCURACY -c fc/input/input.cpp -o obj/fc-input.o
g++ -std=gnu++0x -I. -O3 -fomit-frame-pointer -march=native -DPROFILE_ACCURACY -c fc/memory/memory.cpp -o obj/fc-memory.o
g++ -std=gnu++0x -I. -O3 -fomit-frame-pointer -march=native -DPROFILE_ACCURACY -c fc/cartridge/cartridge.cpp -o obj/fc-cartridge.o
g++ -std=gnu++0x -I. -O3 -fomit-frame-pointer -march=native -DPROFILE_ACCURACY -c fc/cpu/cpu.cpp -o obj/fc-cpu.o
g++ -std=gnu++0x -I. -O3 -fomit-frame-pointer -march=native -DPROFILE_ACCURACY -c fc/apu/apu.cpp -o obj/fc-apu.o
g++ -std=gnu++0x -I. -O3 -fomit-frame-pointer -march=native -DPROFILE_ACCURACY -c fc/ppu/ppu.cpp -o obj/fc-ppu.o
g++ -std=gnu++0x -I. -O3 -fomit-frame-pointer -march=native -DPROFILE_ACCURACY -c fc/cheat/cheat.cpp -o obj/fc-cheat.o
g++ -std=gnu++0x -I. -O3 -fomit-frame-pointer -march=native -DPROFILE_ACCURACY -c fc/video/video.cpp -o obj/fc-video.o
g++ -std=gnu++0x -I. -O3 -fomit-frame-pointer -march=native -DPROFILE_ACCURACY -c sfc/interface/interface.cpp -o obj/sfc-interface.o
g++ -std=gnu++0x -I. -O3 -fomit-frame-pointer -march=native -DPROFILE_ACCURACY -c sfc/system/system.cpp -o obj/sfc-system.o
g++ -std=gnu++0x -I. -O3 -fomit-frame-pointer -march=native -DPROFILE_ACCURACY -c sfc/controller/controller.cpp -o obj/sfc-controller.o
g++ -std=gnu++0x -I. -O3 -fomit-frame-pointer -march=native -DPROFILE_ACCURACY -c sfc/cartridge/cartridge.cpp -o obj/sfc-cartridge.o
g++ -std=gnu++0x -I. -O3 -fomit-frame-pointer -march=native -DPROFILE_ACCURACY -c sfc/cheat/cheat.cpp -o obj/sfc-cheat.o
g++ -std=gnu++0x -I. -O3 -fomit-frame-pointer -march=native -DPROFILE_ACCURACY -c sfc/memory/memory.cpp -o obj/sfc-memory.o
g++ -std=gnu++0x -I. -O3 -fomit-frame-pointer -march=native -DPROFILE_ACCURACY -c sfc/cpu/cpu.cpp -o obj/sfc-cpu.o
g++ -std=gnu++0x -I. -O3 -fomit-frame-pointer -march=native -DPROFILE_ACCURACY -c sfc/smp/smp.cpp -o obj/sfc-smp.o
g++ -std=gnu++0x -I. -O3 -fomit-frame-pointer -march=native -DPROFILE_ACCURACY -c sfc/dsp/dsp.cpp -o obj/sfc-dsp.o
g++ -std=gnu++0x -I. -O3 -fomit-frame-pointer -march=native -DPROFILE_ACCURACY -c sfc/ppu/ppu.cpp -o obj/sfc-ppu.o
g++ -std=gnu++0x -I. -O3 -fomit-frame-pointer -march=native -DPROFILE_ACCURACY -c sfc/chip/icd2/icd2.cpp -o obj/sfc-icd2.o
g++ -std=gnu++0x -I. -O3 -fomit-frame-pointer -march=native -DPROFILE_ACCURACY -c sfc/chip/bsx/bsx.cpp -o obj/sfc-bsx.o
g++ -std=gnu++0x -I. -O3 -fomit-frame-pointer -march=native -DPROFILE_ACCURACY -c sfc/chip/sufamiturbo/sufamiturbo.cpp -o obj/sfc-sufamiturbo.o
g++ -std=gnu++0x -I. -O3 -fomit-frame-pointer -march=native -DPROFILE_ACCURACY -c sfc/chip/nss/nss.cpp -o obj/sfc-nss.o
g++ -std=gnu++0x -I. -O3 -fomit-frame-pointer -march=native -DPROFILE_ACCURACY -c sfc/chip/event/event.cpp -o obj/sfc-event.o
g++ -std=gnu++0x -I. -O3 -fomit-frame-pointer -march=native -DPROFILE_ACCURACY -c sfc/chip/sa1/sa1.cpp -o obj/sfc-sa1.o
g++ -std=gnu++0x -I. -O3 -fomit-frame-pointer -march=native -DPROFILE_ACCURACY -c sfc/chip/superfx/superfx.cpp -o obj/sfc-superfx.o
g++ -std=gnu++0x -I. -O3 -fomit-frame-pointer -march=native -DPROFILE_ACCURACY -c sfc/chip/armdsp/armdsp.cpp -o obj/sfc-armdsp.o
g++ -std=gnu++0x -I. -O3 -fomit-frame-pointer -march=native -DPROFILE_ACCURACY -c sfc/chip/hitachidsp/hitachidsp.cpp -o obj/sfc-hitachidsp.o
g++ -std=gnu++0x -I. -O3 -fomit-frame-pointer -march=native -DPROFILE_ACCURACY -c sfc/chip/necdsp/necdsp.cpp -o obj/sfc-necdsp.o
g++ -std=gnu++0x -I. -O3 -fomit-frame-pointer -march=native -DPROFILE_ACCURACY -c sfc/chip/epsonrtc/epsonrtc.cpp -o obj/sfc-epsonrtc.o
g++ -std=gnu++0x -I. -O3 -fomit-frame-pointer -march=native -DPROFILE_ACCURACY -c sfc/chip/sharprtc/sharprtc.cpp -o obj/sfc-sharprtc.o
g++ -std=gnu++0x -I. -O3 -fomit-frame-pointer -march=native -DPROFILE_ACCURACY -c sfc/chip/spc7110/spc7110.cpp -o obj/sfc-spc7110.o
g++ -std=gnu++0x -I. -O3 -fomit-frame-pointer -march=native -DPROFILE_ACCURACY -c sfc/chip/sdd1/sdd1.cpp -o obj/sfc-sdd1.o
g++ -std=gnu++0x -I. -O3 -fomit-frame-pointer -march=native -DPROFILE_ACCURACY -c sfc/chip/obc1/obc1.cpp -o obj/sfc-obc1.o
g++ -std=gnu++0x -I. -O3 -fomit-frame-pointer -march=native -DPROFILE_ACCURACY -c sfc/chip/hsu1/hsu1.cpp -o obj/sfc-hsu1.o
g++ -std=gnu++0x -I. -O3 -fomit-frame-pointer -march=native -DPROFILE_ACCURACY -c sfc/chip/msu1/msu1.cpp -o obj/sfc-msu1.o
g++ -std=gnu++0x -I. -O3 -fomit-frame-pointer -march=native -DPROFILE_ACCURACY -c gb/interface/interface.cpp -o obj/gb-interface.o
g++ -std=gnu++0x -I. -O3 -fomit-frame-pointer -march=native -DPROFILE_ACCURACY -c gb/system/system.cpp -o obj/gb-system.o
g++ -std=gnu++0x -I. -O3 -fomit-frame-pointer -march=native -DPROFILE_ACCURACY -c gb/scheduler/scheduler.cpp -o obj/gb-scheduler.o
g++ -std=gnu++0x -I. -O3 -fomit-frame-pointer -march=native -DPROFILE_ACCURACY -c gb/memory/memory.cpp -o obj/gb-memory.o
g++ -std=gnu++0x -I. -O3 -fomit-frame-pointer -march=native -DPROFILE_ACCURACY -c gb/cartridge/cartridge.cpp -o obj/gb-cartridge.o
g++ -std=gnu++0x -I. -O3 -fomit-frame-pointer -march=native -DPROFILE_ACCURACY -c gb/cpu/cpu.cpp -o obj/gb-cpu.o
g++ -std=gnu++0x -I. -O3 -fomit-frame-pointer -march=native -DPROFILE_ACCURACY -c gb/ppu/ppu.cpp -o obj/gb-ppu.o
g++ -std=gnu++0x -I. -O3 -fomit-frame-pointer -march=native -DPROFILE_ACCURACY -c gb/apu/apu.cpp -o obj/gb-apu.o
g++ -std=gnu++0x -I. -O3 -fomit-frame-pointer -march=native -DPROFILE_ACCURACY -c gb/cheat/cheat.cpp -o obj/gb-cheat.o
g++ -std=gnu++0x -I. -O3 -fomit-frame-pointer -march=native -DPROFILE_ACCURACY -c gb/video/video.cpp -o obj/gb-video.o
g++ -std=gnu++0x -I. -O3 -fomit-frame-pointer -march=native -DPROFILE_ACCURACY -c gba/memory/memory.cpp -o obj/gba-memory.o
g++ -std=gnu++0x -I. -O3 -fomit-frame-pointer -march=native -DPROFILE_ACCURACY -c gba/interface/interface.cpp -o obj/gba-interface.o
g++ -std=gnu++0x -I. -O3 -fomit-frame-pointer -march=native -DPROFILE_ACCURACY -c gba/scheduler/scheduler.cpp -o obj/gba-scheduler.o
g++ -std=gnu++0x -I. -O3 -fomit-frame-pointer -march=native -DPROFILE_ACCURACY -c gba/system/system.cpp -o obj/gba-system.o
g++ -std=gnu++0x -I. -O3 -fomit-frame-pointer -march=native -DPROFILE_ACCURACY -c gba/video/video.cpp -o obj/gba-video.o
g++ -std=gnu++0x -I. -O3 -fomit-frame-pointer -march=native -DPROFILE_ACCURACY -c gba/cartridge/cartridge.cpp -o obj/gba-cartridge.o
g++ -std=gnu++0x -I. -O3 -fomit-frame-pointer -march=native -DPROFILE_ACCURACY -c gba/cpu/cpu.cpp -o obj/gba-cpu.o
g++ -std=gnu++0x -I. -O3 -fomit-frame-pointer -march=native -DPROFILE_ACCURACY -c gba/ppu/ppu.cpp -o obj/gba-ppu.o
g++ -std=gnu++0x -I. -O3 -fomit-frame-pointer -march=native -DPROFILE_ACCURACY -c gba/apu/apu.cpp -o obj/gba-apu.o
g++ -std=gnu++0x -o out/higan obj/ui-ethos.o obj/ui-configuration.o obj/ui-interface.o obj/ui-utility.o obj/ui-input.o obj/ui-window.o obj/ui-general.o obj/ui-settings.o obj/ui-tools.o obj/phoenix.o obj/ruby.o obj/libco.o obj/processor-arm.o obj/processor-gsu.o obj/processor-hg51b.o obj/processor-lr35902.o obj/processor-r6502.o obj/processor-r65816.o obj/processor-spc700.o obj/processor-upd96050.o obj/fc-interface.o obj/fc-system.o obj/fc-scheduler.o obj/fc-input.o obj/fc-memory.o obj/fc-cartridge.o obj/fc-cpu.o obj/fc-apu.o obj/fc-ppu.o obj/fc-cheat.o obj/fc-video.o obj/sfc-interface.o obj/sfc-system.o obj/sfc-controller.o obj/sfc-cartridge.o obj/sfc-cheat.o obj/sfc-memory.o obj/sfc-cpu.o obj/sfc-smp.o obj/sfc-dsp.o obj/sfc-ppu.o obj/sfc-icd2.o obj/sfc-bsx.o obj/sfc-sufamiturbo.o obj/sfc-nss.o obj/sfc-event.o obj/sfc-sa1.o obj/sfc-superfx.o obj/sfc-armdsp.o obj/sfc-hitachidsp.o obj/sfc-necdsp.o obj/sfc-epsonrtc.o obj/sfc-sharprtc.o obj/sfc-spc7110.o obj/sfc-sdd1.o obj/sfc-obc1.o obj/sfc-hsu1.o obj/sfc-msu1.o obj/gb-interface.o obj/gb-system.o obj/gb-scheduler.o obj/gb-memory.o obj/gb-cartridge.o obj/gb-cpu.o obj/gb-ppu.o obj/gb-apu.o obj/gb-cheat.o obj/gb-video.o obj/gba-memory.o obj/gba-interface.o obj/gba-scheduler.o obj/gba-system.o obj/gba-video.o obj/gba-cartridge.o obj/gba-cpu.o obj/gba-ppu.o obj/gba-apu.o -s -Wl,-export-dynamic -ldl -lX11 -lXext `pkg-config --libs gtk+-2.0` `sdl-config --libs` -lGL -lXv -lasound -lao -lpulse -lpulse-simple -lopenal
g++ -std=gnu++0x -I. -O3 -fomit-frame-pointer -march=native -DPROFILE_BALANCED -c target-ethos/ethos.cpp -o obj/ui-ethos.o
g++ -std=gnu++0x -I. -O3 -fomit-frame-pointer -march=native -DPROFILE_BALANCED -c target-ethos/configuration/configuration.cpp -o obj/ui-configuration.o
g++ -std=gnu++0x -I. -O3 -fomit-frame-pointer -march=native -DPROFILE_BALANCED -c target-ethos/interface/interface.cpp -o obj/ui-interface.o
g++ -std=gnu++0x -I. -O3 -fomit-frame-pointer -march=native -DPROFILE_BALANCED -c target-ethos/utility/utility.cpp -o obj/ui-utility.o
g++ -std=gnu++0x -I. -O3 -fomit-frame-pointer -march=native -DPROFILE_BALANCED -c target-ethos/input/input.cpp -o obj/ui-input.o
g++ -std=gnu++0x -I. -O3 -fomit-frame-pointer -march=native -DPROFILE_BALANCED -c target-ethos/window/window.cpp -o obj/ui-window.o
g++ -std=gnu++0x -I. -O3 -fomit-frame-pointer -march=native -DPROFILE_BALANCED -c target-ethos/general/general.cpp -o obj/ui-general.o
g++ -std=gnu++0x -I. -O3 -fomit-frame-pointer -march=native -DPROFILE_BALANCED -c target-ethos/settings/settings.cpp -o obj/ui-settings.o
g++ -std=gnu++0x -I. -O3 -fomit-frame-pointer -march=native -DPROFILE_BALANCED -c target-ethos/tools/tools.cpp -o obj/ui-tools.o
g++ -std=gnu++0x -I. -O3 -fomit-frame-pointer -march=native -DPROFILE_BALANCED -DPHOENIX_GTK `pkg-config --cflags gtk+-2.0` -c phoenix/phoenix.cpp -o obj/phoenix.o
g++ -std=gnu++0x -I. -O3 -fomit-frame-pointer -march=native -DPROFILE_BALANCED -DVIDEO_GLX -DVIDEO_XV -DVIDEO_SDL -DAUDIO_ALSA -DAUDIO_OPENAL -DAUDIO_OSS -DAUDIO_PULSEAUDIO -DAUDIO_PULSEAUDIOSIMPLE -DAUDIO_AO -DINPUT_SDL -DINPUT_X -c ruby/ruby.cpp -o obj/ruby.o
gcc -std=gnu99 -I. -O3 -fomit-frame-pointer -march=native -DPROFILE_BALANCED -c libco/libco.c -o obj/libco.o
g++ -std=gnu++0x -I. -O3 -fomit-frame-pointer -march=native -DPROFILE_BALANCED -c processor/arm/arm.cpp -o obj/processor-arm.o
g++ -std=gnu++0x -I. -O3 -fomit-frame-pointer -march=native -DPROFILE_BALANCED -c processor/gsu/gsu.cpp -o obj/processor-gsu.o
g++ -std=gnu++0x -I. -O3 -fomit-frame-pointer -march=native -DPROFILE_BALANCED -c processor/hg51b/hg51b.cpp -o obj/processor-hg51b.o
g++ -std=gnu++0x -I. -O3 -fomit-frame-pointer -march=native -DPROFILE_BALANCED -c processor/lr35902/lr35902.cpp -o obj/processor-lr35902.o
g++ -std=gnu++0x -I. -O3 -fomit-frame-pointer -march=native -DPROFILE_BALANCED -c processor/r6502/r6502.cpp -o obj/processor-r6502.o
g++ -std=gnu++0x -I. -O3 -fomit-frame-pointer -march=native -DPROFILE_BALANCED -c processor/r65816/r65816.cpp -o obj/processor-r65816.o
g++ -std=gnu++0x -I. -O3 -fomit-frame-pointer -march=native -DPROFILE_BALANCED -c processor/spc700/spc700.cpp -o obj/processor-spc700.o
g++ -std=gnu++0x -I. -O3 -fomit-frame-pointer -march=native -DPROFILE_BALANCED -c processor/upd96050/upd96050.cpp -o obj/processor-upd96050.o
g++ -std=gnu++0x -I. -O3 -fomit-frame-pointer -march=native -DPROFILE_BALANCED -c fc/interface/interface.cpp -o obj/fc-interface.o
g++ -std=gnu++0x -I. -O3 -fomit-frame-pointer -march=native -DPROFILE_BALANCED -c fc/system/system.cpp -o obj/fc-system.o
g++ -std=gnu++0x -I. -O3 -fomit-frame-pointer -march=native -DPROFILE_BALANCED -c fc/scheduler/scheduler.cpp -o obj/fc-scheduler.o
g++ -std=gnu++0x -I. -O3 -fomit-frame-pointer -march=native -DPROFILE_BALANCED -c fc/input/input.cpp -o obj/fc-input.o
g++ -std=gnu++0x -I. -O3 -fomit-frame-pointer -march=native -DPROFILE_BALANCED -c fc/memory/memory.cpp -o obj/fc-memory.o
g++ -std=gnu++0x -I. -O3 -fomit-frame-pointer -march=native -DPROFILE_BALANCED -c fc/cartridge/cartridge.cpp -o obj/fc-cartridge.o
g++ -std=gnu++0x -I. -O3 -fomit-frame-pointer -march=native -DPROFILE_BALANCED -c fc/cpu/cpu.cpp -o obj/fc-cpu.o
g++ -std=gnu++0x -I. -O3 -fomit-frame-pointer -march=native -DPROFILE_BALANCED -c fc/apu/apu.cpp -o obj/fc-apu.o
g++ -std=gnu++0x -I. -O3 -fomit-frame-pointer -march=native -DPROFILE_BALANCED -c fc/ppu/ppu.cpp -o obj/fc-ppu.o
g++ -std=gnu++0x -I. -O3 -fomit-frame-pointer -march=native -DPROFILE_BALANCED -c fc/cheat/cheat.cpp -o obj/fc-cheat.o
g++ -std=gnu++0x -I. -O3 -fomit-frame-pointer -march=native -DPROFILE_BALANCED -c fc/video/video.cpp -o obj/fc-video.o
g++ -std=gnu++0x -I. -O3 -fomit-frame-pointer -march=native -DPROFILE_BALANCED -c sfc/interface/interface.cpp -o obj/sfc-interface.o
g++ -std=gnu++0x -I. -O3 -fomit-frame-pointer -march=native -DPROFILE_BALANCED -c sfc/system/system.cpp -o obj/sfc-system.o
g++ -std=gnu++0x -I. -O3 -fomit-frame-pointer -march=native -DPROFILE_BALANCED -c sfc/controller/controller.cpp -o obj/sfc-controller.o
g++ -std=gnu++0x -I. -O3 -fomit-frame-pointer -march=native -DPROFILE_BALANCED -c sfc/cartridge/cartridge.cpp -o obj/sfc-cartridge.o
g++ -std=gnu++0x -I. -O3 -fomit-frame-pointer -march=native -DPROFILE_BALANCED -c sfc/cheat/cheat.cpp -o obj/sfc-cheat.o
g++ -std=gnu++0x -I. -O3 -fomit-frame-pointer -march=native -DPROFILE_BALANCED -c sfc/memory/memory.cpp -o obj/sfc-memory.o
g++ -std=gnu++0x -I. -O3 -fomit-frame-pointer -march=native -DPROFILE_BALANCED -c sfc/cpu/cpu.cpp -o obj/sfc-cpu.o
g++ -std=gnu++0x -I. -O3 -fomit-frame-pointer -march=native -DPROFILE_BALANCED -c sfc/smp/smp.cpp -o obj/sfc-smp.o
g++ -std=gnu++0x -I. -O3 -fomit-frame-pointer -march=native -DPROFILE_BALANCED -c sfc/alt/dsp/dsp.cpp -o obj/sfc-dsp.o
g++ -std=gnu++0x -I. -O3 -fomit-frame-pointer -march=native -DPROFILE_BALANCED -c sfc/alt/ppu-balanced/ppu.cpp -o obj/sfc-ppu.o
g++ -std=gnu++0x -I. -O3 -fomit-frame-pointer -march=native -DPROFILE_BALANCED -c sfc/chip/icd2/icd2.cpp -o obj/sfc-icd2.o
g++ -std=gnu++0x -I. -O3 -fomit-frame-pointer -march=native -DPROFILE_BALANCED -c sfc/chip/bsx/bsx.cpp -o obj/sfc-bsx.o
g++ -std=gnu++0x -I. -O3 -fomit-frame-pointer -march=native -DPROFILE_BALANCED -c sfc/chip/sufamiturbo/sufamiturbo.cpp -o obj/sfc-sufamiturbo.o
g++ -std=gnu++0x -I. -O3 -fomit-frame-pointer -march=native -DPROFILE_BALANCED -c sfc/chip/nss/nss.cpp -o obj/sfc-nss.o
g++ -std=gnu++0x -I. -O3 -fomit-frame-pointer -march=native -DPROFILE_BALANCED -c sfc/chip/event/event.cpp -o obj/sfc-event.o
g++ -std=gnu++0x -I. -O3 -fomit-frame-pointer -march=native -DPROFILE_BALANCED -c sfc/chip/sa1/sa1.cpp -o obj/sfc-sa1.o
g++ -std=gnu++0x -I. -O3 -fomit-frame-pointer -march=native -DPROFILE_BALANCED -c sfc/chip/superfx/superfx.cpp -o obj/sfc-superfx.o
g++ -std=gnu++0x -I. -O3 -fomit-frame-pointer -march=native -DPROFILE_BALANCED -c sfc/chip/armdsp/armdsp.cpp -o obj/sfc-armdsp.o
g++ -std=gnu++0x -I. -O3 -fomit-frame-pointer -march=native -DPROFILE_BALANCED -c sfc/chip/hitachidsp/hitachidsp.cpp -o obj/sfc-hitachidsp.o
g++ -std=gnu++0x -I. -O3 -fomit-frame-pointer -march=native -DPROFILE_BALANCED -c sfc/chip/necdsp/necdsp.cpp -o obj/sfc-necdsp.o
g++ -std=gnu++0x -I. -O3 -fomit-frame-pointer -march=native -DPROFILE_BALANCED -c sfc/chip/epsonrtc/epsonrtc.cpp -o obj/sfc-epsonrtc.o
g++ -std=gnu++0x -I. -O3 -fomit-frame-pointer -march=native -DPROFILE_BALANCED -c sfc/chip/sharprtc/sharprtc.cpp -o obj/sfc-sharprtc.o
g++ -std=gnu++0x -I. -O3 -fomit-frame-pointer -march=native -DPROFILE_BALANCED -c sfc/chip/spc7110/spc7110.cpp -o obj/sfc-spc7110.o
g++ -std=gnu++0x -I. -O3 -fomit-frame-pointer -march=native -DPROFILE_BALANCED -c sfc/chip/sdd1/sdd1.cpp -o obj/sfc-sdd1.o
g++ -std=gnu++0x -I. -O3 -fomit-frame-pointer -march=native -DPROFILE_BALANCED -c sfc/chip/obc1/obc1.cpp -o obj/sfc-obc1.o
g++ -std=gnu++0x -I. -O3 -fomit-frame-pointer -march=native -DPROFILE_BALANCED -c sfc/chip/hsu1/hsu1.cpp -o obj/sfc-hsu1.o
g++ -std=gnu++0x -I. -O3 -fomit-frame-pointer -march=native -DPROFILE_BALANCED -c sfc/chip/msu1/msu1.cpp -o obj/sfc-msu1.o
g++ -std=gnu++0x -I. -O3 -fomit-frame-pointer -march=native -DPROFILE_BALANCED -c gb/interface/interface.cpp -o obj/gb-interface.o
g++ -std=gnu++0x -I. -O3 -fomit-frame-pointer -march=native -DPROFILE_BALANCED -c gb/system/system.cpp -o obj/gb-system.o
g++ -std=gnu++0x -I. -O3 -fomit-frame-pointer -march=native -DPROFILE_BALANCED -c gb/scheduler/scheduler.cpp -o obj/gb-scheduler.o
g++ -std=gnu++0x -I. -O3 -fomit-frame-pointer -march=native -DPROFILE_BALANCED -c gb/memory/memory.cpp -o obj/gb-memory.o
g++ -std=gnu++0x -I. -O3 -fomit-frame-pointer -march=native -DPROFILE_BALANCED -c gb/cartridge/cartridge.cpp -o obj/gb-cartridge.o
g++ -std=gnu++0x -I. -O3 -fomit-frame-pointer -march=native -DPROFILE_BALANCED -c gb/cpu/cpu.cpp -o obj/gb-cpu.o
g++ -std=gnu++0x -I. -O3 -fomit-frame-pointer -march=native -DPROFILE_BALANCED -c gb/ppu/ppu.cpp -o obj/gb-ppu.o
g++ -std=gnu++0x -I. -O3 -fomit-frame-pointer -march=native -DPROFILE_BALANCED -c gb/apu/apu.cpp -o obj/gb-apu.o
g++ -std=gnu++0x -I. -O3 -fomit-frame-pointer -march=native -DPROFILE_BALANCED -c gb/cheat/cheat.cpp -o obj/gb-cheat.o
g++ -std=gnu++0x -I. -O3 -fomit-frame-pointer -march=native -DPROFILE_BALANCED -c gb/video/video.cpp -o obj/gb-video.o
g++ -std=gnu++0x -I. -O3 -fomit-frame-pointer -march=native -DPROFILE_BALANCED -c gba/memory/memory.cpp -o obj/gba-memory.o
g++ -std=gnu++0x -I. -O3 -fomit-frame-pointer -march=native -DPROFILE_BALANCED -c gba/interface/interface.cpp -o obj/gba-interface.o
g++ -std=gnu++0x -I. -O3 -fomit-frame-pointer -march=native -DPROFILE_BALANCED -c gba/scheduler/scheduler.cpp -o obj/gba-scheduler.o
g++ -std=gnu++0x -I. -O3 -fomit-frame-pointer -march=native -DPROFILE_BALANCED -c gba/system/system.cpp -o obj/gba-system.o
g++ -std=gnu++0x -I. -O3 -fomit-frame-pointer -march=native -DPROFILE_BALANCED -c gba/video/video.cpp -o obj/gba-video.o
g++ -std=gnu++0x -I. -O3 -fomit-frame-pointer -march=native -DPROFILE_BALANCED -c gba/cartridge/cartridge.cpp -o obj/gba-cartridge.o
g++ -std=gnu++0x -I. -O3 -fomit-frame-pointer -march=native -DPROFILE_BALANCED -c gba/cpu/cpu.cpp -o obj/gba-cpu.o
g++ -std=gnu++0x -I. -O3 -fomit-frame-pointer -march=native -DPROFILE_BALANCED -c gba/ppu/ppu.cpp -o obj/gba-ppu.o
g++ -std=gnu++0x -I. -O3 -fomit-frame-pointer -march=native -DPROFILE_BALANCED -c gba/apu/apu.cpp -o obj/gba-apu.o
g++ -std=gnu++0x -o out/higan obj/ui-ethos.o obj/ui-configuration.o obj/ui-interface.o obj/ui-utility.o obj/ui-input.o obj/ui-window.o obj/ui-general.o obj/ui-settings.o obj/ui-tools.o obj/phoenix.o obj/ruby.o obj/libco.o obj/processor-arm.o obj/processor-gsu.o obj/processor-hg51b.o obj/processor-lr35902.o obj/processor-r6502.o obj/processor-r65816.o obj/processor-spc700.o obj/processor-upd96050.o obj/fc-interface.o obj/fc-system.o obj/fc-scheduler.o obj/fc-input.o obj/fc-memory.o obj/fc-cartridge.o obj/fc-cpu.o obj/fc-apu.o obj/fc-ppu.o obj/fc-cheat.o obj/fc-video.o obj/sfc-interface.o obj/sfc-system.o obj/sfc-controller.o obj/sfc-cartridge.o obj/sfc-cheat.o obj/sfc-memory.o obj/sfc-cpu.o obj/sfc-smp.o obj/sfc-dsp.o obj/sfc-ppu.o obj/sfc-icd2.o obj/sfc-bsx.o obj/sfc-sufamiturbo.o obj/sfc-nss.o obj/sfc-event.o obj/sfc-sa1.o obj/sfc-superfx.o obj/sfc-armdsp.o obj/sfc-hitachidsp.o obj/sfc-necdsp.o obj/sfc-epsonrtc.o obj/sfc-sharprtc.o obj/sfc-spc7110.o obj/sfc-sdd1.o obj/sfc-obc1.o obj/sfc-hsu1.o obj/sfc-msu1.o obj/gb-interface.o obj/gb-system.o obj/gb-scheduler.o obj/gb-memory.o obj/gb-cartridge.o obj/gb-cpu.o obj/gb-ppu.o obj/gb-apu.o obj/gb-cheat.o obj/gb-video.o obj/gba-memory.o obj/gba-interface.o obj/gba-scheduler.o obj/gba-system.o obj/gba-video.o obj/gba-cartridge.o obj/gba-cpu.o obj/gba-ppu.o obj/gba-apu.o -s -Wl,-export-dynamic -ldl -lX11 -lXext `pkg-config --libs gtk+-2.0` `sdl-config --libs` -lGL -lXv -lasound -lao -lpulse -lpulse-simple -lopenal
g++ -std=gnu++0x -I. -O3 -fomit-frame-pointer -march=native -DPROFILE_PERFORMANCE -c target-ethos/ethos.cpp -o obj/ui-ethos.o
g++ -std=gnu++0x -I. -O3 -fomit-frame-pointer -march=native -DPROFILE_PERFORMANCE -c target-ethos/configuration/configuration.cpp -o obj/ui-configuration.o
g++ -std=gnu++0x -I. -O3 -fomit-frame-pointer -march=native -DPROFILE_PERFORMANCE -c target-ethos/interface/interface.cpp -o obj/ui-interface.o
g++ -std=gnu++0x -I. -O3 -fomit-frame-pointer -march=native -DPROFILE_PERFORMANCE -c target-ethos/utility/utility.cpp -o obj/ui-utility.o
g++ -std=gnu++0x -I. -O3 -fomit-frame-pointer -march=native -DPROFILE_PERFORMANCE -c target-ethos/input/input.cpp -o obj/ui-input.o
g++ -std=gnu++0x -I. -O3 -fomit-frame-pointer -march=native -DPROFILE_PERFORMANCE -c target-ethos/window/window.cpp -o obj/ui-window.o
g++ -std=gnu++0x -I. -O3 -fomit-frame-pointer -march=native -DPROFILE_PERFORMANCE -c target-ethos/general/general.cpp -o obj/ui-general.o
g++ -std=gnu++0x -I. -O3 -fomit-frame-pointer -march=native -DPROFILE_PERFORMANCE -c target-ethos/settings/settings.cpp -o obj/ui-settings.o
g++ -std=gnu++0x -I. -O3 -fomit-frame-pointer -march=native -DPROFILE_PERFORMANCE -c target-ethos/tools/tools.cpp -o obj/ui-tools.o
g++ -std=gnu++0x -I. -O3 -fomit-frame-pointer -march=native -DPROFILE_PERFORMANCE -DPHOENIX_GTK `pkg-config --cflags gtk+-2.0` -c phoenix/phoenix.cpp -o obj/phoenix.o
g++ -std=gnu++0x -I. -O3 -fomit-frame-pointer -march=native -DPROFILE_PERFORMANCE -DVIDEO_GLX -DVIDEO_XV -DVIDEO_SDL -DAUDIO_ALSA -DAUDIO_OPENAL -DAUDIO_OSS -DAUDIO_PULSEAUDIO -DAUDIO_PULSEAUDIOSIMPLE -DAUDIO_AO -DINPUT_SDL -DINPUT_X -c ruby/ruby.cpp -o obj/ruby.o
gcc -std=gnu99 -I. -O3 -fomit-frame-pointer -march=native -DPROFILE_PERFORMANCE -c libco/libco.c -o obj/libco.o
g++ -std=gnu++0x -I. -O3 -fomit-frame-pointer -march=native -DPROFILE_PERFORMANCE -c processor/arm/arm.cpp -o obj/processor-arm.o
g++ -std=gnu++0x -I. -O3 -fomit-frame-pointer -march=native -DPROFILE_PERFORMANCE -c processor/gsu/gsu.cpp -o obj/processor-gsu.o
g++ -std=gnu++0x -I. -O3 -fomit-frame-pointer -march=native -DPROFILE_PERFORMANCE -c processor/hg51b/hg51b.cpp -o obj/processor-hg51b.o
g++ -std=gnu++0x -I. -O3 -fomit-frame-pointer -march=native -DPROFILE_PERFORMANCE -c processor/lr35902/lr35902.cpp -o obj/processor-lr35902.o
g++ -std=gnu++0x -I. -O3 -fomit-frame-pointer -march=native -DPROFILE_PERFORMANCE -c processor/r6502/r6502.cpp -o obj/processor-r6502.o
g++ -std=gnu++0x -I. -O3 -fomit-frame-pointer -march=native -DPROFILE_PERFORMANCE -c processor/r65816/r65816.cpp -o obj/processor-r65816.o
g++ -std=gnu++0x -I. -O3 -fomit-frame-pointer -march=native -DPROFILE_PERFORMANCE -c processor/spc700/spc700.cpp -o obj/processor-spc700.o
g++ -std=gnu++0x -I. -O3 -fomit-frame-pointer -march=native -DPROFILE_PERFORMANCE -c processor/upd96050/upd96050.cpp -o obj/processor-upd96050.o
g++ -std=gnu++0x -I. -O3 -fomit-frame-pointer -march=native -DPROFILE_PERFORMANCE -c fc/interface/interface.cpp -o obj/fc-interface.o
g++ -std=gnu++0x -I. -O3 -fomit-frame-pointer -march=native -DPROFILE_PERFORMANCE -c fc/system/system.cpp -o obj/fc-system.o
g++ -std=gnu++0x -I. -O3 -fomit-frame-pointer -march=native -DPROFILE_PERFORMANCE -c fc/scheduler/scheduler.cpp -o obj/fc-scheduler.o
g++ -std=gnu++0x -I. -O3 -fomit-frame-pointer -march=native -DPROFILE_PERFORMANCE -c fc/input/input.cpp -o obj/fc-input.o
g++ -std=gnu++0x -I. -O3 -fomit-frame-pointer -march=native -DPROFILE_PERFORMANCE -c fc/memory/memory.cpp -o obj/fc-memory.o
g++ -std=gnu++0x -I. -O3 -fomit-frame-pointer -march=native -DPROFILE_PERFORMANCE -c fc/cartridge/cartridge.cpp -o obj/fc-cartridge.o
g++ -std=gnu++0x -I. -O3 -fomit-frame-pointer -march=native -DPROFILE_PERFORMANCE -c fc/cpu/cpu.cpp -o obj/fc-cpu.o
g++ -std=gnu++0x -I. -O3 -fomit-frame-pointer -march=native -DPROFILE_PERFORMANCE -c fc/apu/apu.cpp -o obj/fc-apu.o
g++ -std=gnu++0x -I. -O3 -fomit-frame-pointer -march=native -DPROFILE_PERFORMANCE -c fc/ppu/ppu.cpp -o obj/fc-ppu.o
g++ -std=gnu++0x -I. -O3 -fomit-frame-pointer -march=native -DPROFILE_PERFORMANCE -c fc/cheat/cheat.cpp -o obj/fc-cheat.o
g++ -std=gnu++0x -I. -O3 -fomit-frame-pointer -march=native -DPROFILE_PERFORMANCE -c fc/video/video.cpp -o obj/fc-video.o
g++ -std=gnu++0x -I. -O3 -fomit-frame-pointer -march=native -DPROFILE_PERFORMANCE -c sfc/interface/interface.cpp -o obj/sfc-interface.o
g++ -std=gnu++0x -I. -O3 -fomit-frame-pointer -march=native -DPROFILE_PERFORMANCE -c sfc/system/system.cpp -o obj/sfc-system.o
g++ -std=gnu++0x -I. -O3 -fomit-frame-pointer -march=native -DPROFILE_PERFORMANCE -c sfc/controller/controller.cpp -o obj/sfc-controller.o
g++ -std=gnu++0x -I. -O3 -fomit-frame-pointer -march=native -DPROFILE_PERFORMANCE -c sfc/cartridge/cartridge.cpp -o obj/sfc-cartridge.o
g++ -std=gnu++0x -I. -O3 -fomit-frame-pointer -march=native -DPROFILE_PERFORMANCE -c sfc/cheat/cheat.cpp -o obj/sfc-cheat.o
g++ -std=gnu++0x -I. -O3 -fomit-frame-pointer -march=native -DPROFILE_PERFORMANCE -c sfc/memory/memory.cpp -o obj/sfc-memory.o
g++ -std=gnu++0x -I. -O3 -fomit-frame-pointer -march=native -DPROFILE_PERFORMANCE -c sfc/alt/cpu/cpu.cpp -o obj/sfc-cpu.o
g++ -std=gnu++0x -I. -O3 -fomit-frame-pointer -march=native -DPROFILE_PERFORMANCE -c sfc/alt/smp/smp.cpp -o obj/sfc-smp.o
g++ -std=gnu++0x -I. -O3 -fomit-frame-pointer -march=native -DPROFILE_PERFORMANCE -c sfc/alt/dsp/dsp.cpp -o obj/sfc-dsp.o
g++ -std=gnu++0x -I. -O3 -fomit-frame-pointer -march=native -DPROFILE_PERFORMANCE -c sfc/alt/ppu-performance/ppu.cpp -o obj/sfc-ppu.o
g++ -std=gnu++0x -I. -O3 -fomit-frame-pointer -march=native -DPROFILE_PERFORMANCE -c sfc/chip/icd2/icd2.cpp -o obj/sfc-icd2.o
g++ -std=gnu++0x -I. -O3 -fomit-frame-pointer -march=native -DPROFILE_PERFORMANCE -c sfc/chip/bsx/bsx.cpp -o obj/sfc-bsx.o
g++ -std=gnu++0x -I. -O3 -fomit-frame-pointer -march=native -DPROFILE_PERFORMANCE -c sfc/chip/sufamiturbo/sufamiturbo.cpp -o obj/sfc-sufamiturbo.o
g++ -std=gnu++0x -I. -O3 -fomit-frame-pointer -march=native -DPROFILE_PERFORMANCE -c sfc/chip/nss/nss.cpp -o obj/sfc-nss.o
g++ -std=gnu++0x -I. -O3 -fomit-frame-pointer -march=native -DPROFILE_PERFORMANCE -c sfc/chip/event/event.cpp -o obj/sfc-event.o
g++ -std=gnu++0x -I. -O3 -fomit-frame-pointer -march=native -DPROFILE_PERFORMANCE -c sfc/chip/sa1/sa1.cpp -o obj/sfc-sa1.o
g++ -std=gnu++0x -I. -O3 -fomit-frame-pointer -march=native -DPROFILE_PERFORMANCE -c sfc/chip/superfx/superfx.cpp -o obj/sfc-superfx.o
g++ -std=gnu++0x -I. -O3 -fomit-frame-pointer -march=native -DPROFILE_PERFORMANCE -c sfc/chip/armdsp/armdsp.cpp -o obj/sfc-armdsp.o
g++ -std=gnu++0x -I. -O3 -fomit-frame-pointer -march=native -DPROFILE_PERFORMANCE -c sfc/chip/hitachidsp/hitachidsp.cpp -o obj/sfc-hitachidsp.o
g++ -std=gnu++0x -I. -O3 -fomit-frame-pointer -march=native -DPROFILE_PERFORMANCE -c sfc/chip/necdsp/necdsp.cpp -o obj/sfc-necdsp.o
g++ -std=gnu++0x -I. -O3 -fomit-frame-pointer -march=native -DPROFILE_PERFORMANCE -c sfc/chip/epsonrtc/epsonrtc.cpp -o obj/sfc-epsonrtc.o
g++ -std=gnu++0x -I. -O3 -fomit-frame-pointer -march=native -DPROFILE_PERFORMANCE -c sfc/chip/sharprtc/sharprtc.cpp -o obj/sfc-sharprtc.o
g++ -std=gnu++0x -I. -O3 -fomit-frame-pointer -march=native -DPROFILE_PERFORMANCE -c sfc/chip/spc7110/spc7110.cpp -o obj/sfc-spc7110.o
g++ -std=gnu++0x -I. -O3 -fomit-frame-pointer -march=native -DPROFILE_PERFORMANCE -c sfc/chip/sdd1/sdd1.cpp -o obj/sfc-sdd1.o
g++ -std=gnu++0x -I. -O3 -fomit-frame-pointer -march=native -DPROFILE_PERFORMANCE -c sfc/chip/obc1/obc1.cpp -o obj/sfc-obc1.o
g++ -std=gnu++0x -I. -O3 -fomit-frame-pointer -march=native -DPROFILE_PERFORMANCE -c sfc/chip/hsu1/hsu1.cpp -o obj/sfc-hsu1.o
g++ -std=gnu++0x -I. -O3 -fomit-frame-pointer -march=native -DPROFILE_PERFORMANCE -c sfc/chip/msu1/msu1.cpp -o obj/sfc-msu1.o
g++ -std=gnu++0x -I. -O3 -fomit-frame-pointer -march=native -DPROFILE_PERFORMANCE -c gb/interface/interface.cpp -o obj/gb-interface.o
g++ -std=gnu++0x -I. -O3 -fomit-frame-pointer -march=native -DPROFILE_PERFORMANCE -c gb/system/system.cpp -o obj/gb-system.o
g++ -std=gnu++0x -I. -O3 -fomit-frame-pointer -march=native -DPROFILE_PERFORMANCE -c gb/scheduler/scheduler.cpp -o obj/gb-scheduler.o
g++ -std=gnu++0x -I. -O3 -fomit-frame-pointer -march=native -DPROFILE_PERFORMANCE -c gb/memory/memory.cpp -o obj/gb-memory.o
g++ -std=gnu++0x -I. -O3 -fomit-frame-pointer -march=native -DPROFILE_PERFORMANCE -c gb/cartridge/cartridge.cpp -o obj/gb-cartridge.o
g++ -std=gnu++0x -I. -O3 -fomit-frame-pointer -march=native -DPROFILE_PERFORMANCE -c gb/cpu/cpu.cpp -o obj/gb-cpu.o
g++ -std=gnu++0x -I. -O3 -fomit-frame-pointer -march=native -DPROFILE_PERFORMANCE -c gb/ppu/ppu.cpp -o obj/gb-ppu.o
g++ -std=gnu++0x -I. -O3 -fomit-frame-pointer -march=native -DPROFILE_PERFORMANCE -c gb/apu/apu.cpp -o obj/gb-apu.o
g++ -std=gnu++0x -I. -O3 -fomit-frame-pointer -march=native -DPROFILE_PERFORMANCE -c gb/cheat/cheat.cpp -o obj/gb-cheat.o
g++ -std=gnu++0x -I. -O3 -fomit-frame-pointer -march=native -DPROFILE_PERFORMANCE -c gb/video/video.cpp -o obj/gb-video.o
g++ -std=gnu++0x -I. -O3 -fomit-frame-pointer -march=native -DPROFILE_PERFORMANCE -c gba/memory/memory.cpp -o obj/gba-memory.o
g++ -std=gnu++0x -I. -O3 -fomit-frame-pointer -march=native -DPROFILE_PERFORMANCE -c gba/interface/interface.cpp -o obj/gba-interface.o
g++ -std=gnu++0x -I. -O3 -fomit-frame-pointer -march=native -DPROFILE_PERFORMANCE -c gba/scheduler/scheduler.cpp -o obj/gba-scheduler.o
g++ -std=gnu++0x -I. -O3 -fomit-frame-pointer -march=native -DPROFILE_PERFORMANCE -c gba/system/system.cpp -o obj/gba-system.o
g++ -std=gnu++0x -I. -O3 -fomit-frame-pointer -march=native -DPROFILE_PERFORMANCE -c gba/video/video.cpp -o obj/gba-video.o
g++ -std=gnu++0x -I. -O3 -fomit-frame-pointer -march=native -DPROFILE_PERFORMANCE -c gba/cartridge/cartridge.cpp -o obj/gba-cartridge.o
g++ -std=gnu++0x -I. -O3 -fomit-frame-pointer -march=native -DPROFILE_PERFORMANCE -c gba/cpu/cpu.cpp -o obj/gba-cpu.o
g++ -std=gnu++0x -I. -O3 -fomit-frame-pointer -march=native -DPROFILE_PERFORMANCE -c gba/ppu/ppu.cpp -o obj/gba-ppu.o
g++ -std=gnu++0x -I. -O3 -fomit-frame-pointer -march=native -DPROFILE_PERFORMANCE -c gba/apu/apu.cpp -o obj/gba-apu.o
g++ -std=gnu++0x -o out/higan obj/ui-ethos.o obj/ui-configuration.o obj/ui-interface.o obj/ui-utility.o obj/ui-input.o obj/ui-window.o obj/ui-general.o obj/ui-settings.o obj/ui-tools.o obj/phoenix.o obj/ruby.o obj/libco.o obj/processor-arm.o obj/processor-gsu.o obj/processor-hg51b.o obj/processor-lr35902.o obj/processor-r6502.o obj/processor-r65816.o obj/processor-spc700.o obj/processor-upd96050.o obj/fc-interface.o obj/fc-system.o obj/fc-scheduler.o obj/fc-input.o obj/fc-memory.o obj/fc-cartridge.o obj/fc-cpu.o obj/fc-apu.o obj/fc-ppu.o obj/fc-cheat.o obj/fc-video.o obj/sfc-interface.o obj/sfc-system.o obj/sfc-controller.o obj/sfc-cartridge.o obj/sfc-cheat.o obj/sfc-memory.o obj/sfc-cpu.o obj/sfc-smp.o obj/sfc-dsp.o obj/sfc-ppu.o obj/sfc-icd2.o obj/sfc-bsx.o obj/sfc-sufamiturbo.o obj/sfc-nss.o obj/sfc-event.o obj/sfc-sa1.o obj/sfc-superfx.o obj/sfc-armdsp.o obj/sfc-hitachidsp.o obj/sfc-necdsp.o obj/sfc-epsonrtc.o obj/sfc-sharprtc.o obj/sfc-spc7110.o obj/sfc-sdd1.o obj/sfc-obc1.o obj/sfc-hsu1.o obj/sfc-msu1.o obj/gb-interface.o obj/gb-system.o obj/gb-scheduler.o obj/gb-memory.o obj/gb-cartridge.o obj/gb-cpu.o obj/gb-ppu.o obj/gb-apu.o obj/gb-cheat.o obj/gb-video.o obj/gba-memory.o obj/gba-interface.o obj/gba-scheduler.o obj/gba-system.o obj/gba-video.o obj/gba-cartridge.o obj/gba-cpu.o obj/gba-ppu.o obj/gba-apu.o -s -Wl,-export-dynamic -ldl -lX11 -lXext `pkg-config --libs gtk+-2.0` `sdl-config --libs` -lGL -lXv -lasound -lao -lpulse -lpulse-simple -lopenal
