Making install in compat
make[1]: Entering directory `/build/src/nss-pam-ldapd-0.8.12/compat'
make[2]: Entering directory `/build/src/nss-pam-ldapd-0.8.12/compat'
make[2]: Nothing to be done for `install-exec-am'.
make[2]: Nothing to be done for `install-data-am'.
make[2]: Leaving directory `/build/src/nss-pam-ldapd-0.8.12/compat'
make[1]: Leaving directory `/build/src/nss-pam-ldapd-0.8.12/compat'
Making install in common
make[1]: Entering directory `/build/src/nss-pam-ldapd-0.8.12/common'
make[2]: Entering directory `/build/src/nss-pam-ldapd-0.8.12/common'
make[2]: Nothing to be done for `install-exec-am'.
make[2]: Nothing to be done for `install-data-am'.
make[2]: Leaving directory `/build/src/nss-pam-ldapd-0.8.12/common'
make[1]: Leaving directory `/build/src/nss-pam-ldapd-0.8.12/common'
Making install in nss
make[1]: Entering directory `/build/src/nss-pam-ldapd-0.8.12/nss'
make[2]: Entering directory `/build/src/nss-pam-ldapd-0.8.12/nss'
rm -f /build/pkg/usr/lib/libnss_ldap.so.2
/bin/sh ../mkinstalldirs /build/pkg/usr/lib
/usr/bin/install -c nss_ldap.so /build/pkg/usr/lib/libnss_ldap.so.2
make[2]: Nothing to be done for `install-data-am'.
make[2]: Leaving directory `/build/src/nss-pam-ldapd-0.8.12/nss'
make[1]: Leaving directory `/build/src/nss-pam-ldapd-0.8.12/nss'
Making install in pam
make[1]: Entering directory `/build/src/nss-pam-ldapd-0.8.12/pam'
make[2]: Entering directory `/build/src/nss-pam-ldapd-0.8.12/pam'
rm -f /build/pkg/usr/lib/security/pam_ldap.so
/bin/sh ../mkinstalldirs /build/pkg/usr/lib/security
mkdir -p -- /build/pkg/usr/lib/security
/usr/bin/install -c pam_ldap.so /build/pkg/usr/lib/security/pam_ldap.so
make[2]: Nothing to be done for `install-data-am'.
make[2]: Leaving directory `/build/src/nss-pam-ldapd-0.8.12/pam'
make[1]: Leaving directory `/build/src/nss-pam-ldapd-0.8.12/pam'
Making install in nslcd
make[1]: Entering directory `/build/src/nss-pam-ldapd-0.8.12/nslcd'
make[2]: Entering directory `/build/src/nss-pam-ldapd-0.8.12/nslcd'
 /usr/bin/mkdir -p '/build/pkg/usr/sbin'
  /usr/bin/install -c nslcd '/build/pkg/usr/sbin'
make[2]: Nothing to be done for `install-data-am'.
make[2]: Leaving directory `/build/src/nss-pam-ldapd-0.8.12/nslcd'
make[1]: Leaving directory `/build/src/nss-pam-ldapd-0.8.12/nslcd'
Making install in man
make[1]: Entering directory `/build/src/nss-pam-ldapd-0.8.12/man'
make[2]: Entering directory `/build/src/nss-pam-ldapd-0.8.12/man'
make[2]: Nothing to be done for `install-exec-am'.
 /usr/bin/mkdir -p '/build/pkg/usr/share/man/man5'
 /usr/bin/install -c -m 644 nslcd.conf.5 '/build/pkg/usr/share/man/man5'
 /usr/bin/mkdir -p '/build/pkg/usr/share/man/man8'
 /usr/bin/install -c -m 644 nslcd.8 pam_ldap.8 '/build/pkg/usr/share/man/man8'
make[2]: Leaving directory `/build/src/nss-pam-ldapd-0.8.12/man'
make[1]: Leaving directory `/build/src/nss-pam-ldapd-0.8.12/man'
Making install in tests
make[1]: Entering directory `/build/src/nss-pam-ldapd-0.8.12/tests'
make[2]: Entering directory `/build/src/nss-pam-ldapd-0.8.12/tests'
make[2]: Nothing to be done for `install-exec-am'.
make[2]: Nothing to be done for `install-data-am'.
make[2]: Leaving directory `/build/src/nss-pam-ldapd-0.8.12/tests'
make[1]: Leaving directory `/build/src/nss-pam-ldapd-0.8.12/tests'
make[1]: Entering directory `/build/src/nss-pam-ldapd-0.8.12'
make[2]: Entering directory `/build/src/nss-pam-ldapd-0.8.12'
make[2]: Nothing to be done for `install-exec-am'.
/build/pkg/etc/nslcd.conf already exists, install will not overwrite
make[2]: Leaving directory `/build/src/nss-pam-ldapd-0.8.12'
make[1]: Leaving directory `/build/src/nss-pam-ldapd-0.8.12'
