checking for a BSD-compatible install... /usr/bin/install -c
checking whether build environment is sane... yes
checking for a thread-safe mkdir -p... /bin/mkdir -p
checking for gawk... gawk
checking whether make sets $(MAKE)... yes
checking for g++... g++
checking whether the C++ compiler works... yes
checking for C++ compiler default output file name... a.out
checking for suffix of executables... 
checking whether we are cross compiling... no
checking for suffix of object files... o
checking whether we are using the GNU C++ compiler... yes
checking whether g++ accepts -g... yes
checking for style of include used by make... GNU
checking dependency style of g++... gcc3
checking for pkg-config... /usr/bin/pkg-config
checking pkg-config is at least version 0.9.0... yes
checking for GTK2... yes
checking how to run the C++ preprocessor... g++ -E
checking for grep that handles long lines and -e... /usr/bin/grep
checking for egrep... /usr/bin/grep -E
checking for ANSI C header files... yes
checking for sys/types.h... yes
checking for sys/stat.h... yes
checking for stdlib.h... yes
checking for string.h... yes
checking for memory.h... yes
checking for strings.h... yes
checking for inttypes.h... yes
checking for stdint.h... yes
checking for unistd.h... yes
checking iostream usability... yes
checking iostream presence... yes
checking for iostream... yes
checking string usability... yes
checking string presence... yes
checking for string... yes
checking sstream usability... yes
checking sstream presence... yes
checking for sstream... yes
checking fstream usability... yes
checking fstream presence... yes
checking for fstream... yes
checking vector usability... yes
checking vector presence... yes
checking for vector... yes
checking cstdlib usability... yes
checking cstdlib presence... yes
checking for cstdlib... yes
checking for stdlib.h... (cached) yes
checking sys/time.h usability... yes
checking sys/time.h presence... yes
checking for sys/time.h... yes
checking for sys/types.h... (cached) yes
checking sys/ipc.h usability... yes
checking sys/ipc.h presence... yes
checking for sys/ipc.h... yes
checking sys/sem.h usability... yes
checking sys/sem.h presence... yes
checking for sys/sem.h... yes
checking signal.h usability... yes
checking signal.h presence... yes
checking for signal.h... yes
checking limits.h usability... yes
checking limits.h presence... yes
checking for limits.h... yes
checking for atexit... yes
checking for gettimeofday... yes
checking for setenv... yes
checking for signal... yes
checking for kill... yes
checking for semget... yes
checking for semctl... yes
checking for ftok... yes
checking for readlink... yes
checking for fork... yes
checking for execl... yes
checking build system type... i686-pc-linux-gnu
checking host system type... i686-pc-linux-gnu
configure: creating ./config.status
config.status: creating Makefile
config.status: creating doc/Makefile
config.status: creating src/Makefile
config.status: creating src/config.h
config.status: executing depfiles commands
Making all in src
make[1]: Entering directory `/build/src/gsimplecal-1.6/src'
make  all-am
make[2]: Entering directory `/build/src/gsimplecal-1.6/src'
g++ -DHAVE_CONFIG_H -I.  -pthread -I/usr/include/gtk-2.0 -I/usr/lib/gtk-2.0/include -I/usr/include/atk-1.0 -I/usr/include/cairo -I/usr/include/gdk-pixbuf-2.0 -I/usr/include/pango-1.0 -I/usr/include/glib-2.0 -I/usr/lib/glib-2.0/include -I/usr/include/pixman-1 -I/usr/include/freetype2 -I/usr/include/libpng15     -march=i686 -mtune=generic -O2 -pipe -fstack-protector --param=ssp-buffer-size=4 -D_FORTIFY_SOURCE=2 -MT Boxable.o -MD -MP -MF .deps/Boxable.Tpo -c -o Boxable.o Boxable.cpp
g++ -DHAVE_CONFIG_H -I.  -pthread -I/usr/include/gtk-2.0 -I/usr/lib/gtk-2.0/include -I/usr/include/atk-1.0 -I/usr/include/cairo -I/usr/include/gdk-pixbuf-2.0 -I/usr/include/pango-1.0 -I/usr/include/glib-2.0 -I/usr/lib/glib-2.0/include -I/usr/include/pixman-1 -I/usr/include/freetype2 -I/usr/include/libpng15     -march=i686 -mtune=generic -O2 -pipe -fstack-protector --param=ssp-buffer-size=4 -D_FORTIFY_SOURCE=2 -MT Calendar.o -MD -MP -MF .deps/Calendar.Tpo -c -o Calendar.o Calendar.cpp
g++ -DHAVE_CONFIG_H -I.  -pthread -I/usr/include/gtk-2.0 -I/usr/lib/gtk-2.0/include -I/usr/include/atk-1.0 -I/usr/include/cairo -I/usr/include/gdk-pixbuf-2.0 -I/usr/include/pango-1.0 -I/usr/include/glib-2.0 -I/usr/lib/glib-2.0/include -I/usr/include/pixman-1 -I/usr/include/freetype2 -I/usr/include/libpng15     -march=i686 -mtune=generic -O2 -pipe -fstack-protector --param=ssp-buffer-size=4 -D_FORTIFY_SOURCE=2 -MT Clock.o -MD -MP -MF .deps/Clock.Tpo -c -o Clock.o Clock.cpp
g++ -DHAVE_CONFIG_H -I.  -pthread -I/usr/include/gtk-2.0 -I/usr/lib/gtk-2.0/include -I/usr/include/atk-1.0 -I/usr/include/cairo -I/usr/include/gdk-pixbuf-2.0 -I/usr/include/pango-1.0 -I/usr/include/glib-2.0 -I/usr/lib/glib-2.0/include -I/usr/include/pixman-1 -I/usr/include/freetype2 -I/usr/include/libpng15     -march=i686 -mtune=generic -O2 -pipe -fstack-protector --param=ssp-buffer-size=4 -D_FORTIFY_SOURCE=2 -MT Config.o -MD -MP -MF .deps/Config.Tpo -c -o Config.o Config.cpp
mv -f .deps/Boxable.Tpo .deps/Boxable.Po
g++ -DHAVE_CONFIG_H -I.  -pthread -I/usr/include/gtk-2.0 -I/usr/lib/gtk-2.0/include -I/usr/include/atk-1.0 -I/usr/include/cairo -I/usr/include/gdk-pixbuf-2.0 -I/usr/include/pango-1.0 -I/usr/include/glib-2.0 -I/usr/lib/glib-2.0/include -I/usr/include/pixman-1 -I/usr/include/freetype2 -I/usr/include/libpng15     -march=i686 -mtune=generic -O2 -pipe -fstack-protector --param=ssp-buffer-size=4 -D_FORTIFY_SOURCE=2 -MT gsimplecal.o -MD -MP -MF .deps/gsimplecal.Tpo -c -o gsimplecal.o gsimplecal.cpp
mv -f .deps/Clock.Tpo .deps/Clock.Po
g++ -DHAVE_CONFIG_H -I.  -pthread -I/usr/include/gtk-2.0 -I/usr/lib/gtk-2.0/include -I/usr/include/atk-1.0 -I/usr/include/cairo -I/usr/include/gdk-pixbuf-2.0 -I/usr/include/pango-1.0 -I/usr/include/glib-2.0 -I/usr/lib/glib-2.0/include -I/usr/include/pixman-1 -I/usr/include/freetype2 -I/usr/include/libpng15     -march=i686 -mtune=generic -O2 -pipe -fstack-protector --param=ssp-buffer-size=4 -D_FORTIFY_SOURCE=2 -MT MainWindow.o -MD -MP -MF .deps/MainWindow.Tpo -c -o MainWindow.o MainWindow.cpp
mv -f .deps/Calendar.Tpo .deps/Calendar.Po
g++ -DHAVE_CONFIG_H -I.  -pthread -I/usr/include/gtk-2.0 -I/usr/lib/gtk-2.0/include -I/usr/include/atk-1.0 -I/usr/include/cairo -I/usr/include/gdk-pixbuf-2.0 -I/usr/include/pango-1.0 -I/usr/include/glib-2.0 -I/usr/lib/glib-2.0/include -I/usr/include/pixman-1 -I/usr/include/freetype2 -I/usr/include/libpng15     -march=i686 -mtune=generic -O2 -pipe -fstack-protector --param=ssp-buffer-size=4 -D_FORTIFY_SOURCE=2 -MT Timezones.o -MD -MP -MF .deps/Timezones.Tpo -c -o Timezones.o Timezones.cpp
mv -f .deps/Config.Tpo .deps/Config.Po
g++ -DHAVE_CONFIG_H -I.  -pthread -I/usr/include/gtk-2.0 -I/usr/lib/gtk-2.0/include -I/usr/include/atk-1.0 -I/usr/include/cairo -I/usr/include/gdk-pixbuf-2.0 -I/usr/include/pango-1.0 -I/usr/include/glib-2.0 -I/usr/lib/glib-2.0/include -I/usr/include/pixman-1 -I/usr/include/freetype2 -I/usr/include/libpng15     -march=i686 -mtune=generic -O2 -pipe -fstack-protector --param=ssp-buffer-size=4 -D_FORTIFY_SOURCE=2 -MT Unique.o -MD -MP -MF .deps/Unique.Tpo -c -o Unique.o Unique.cpp
mv -f .deps/Unique.Tpo .deps/Unique.Po
mv -f .deps/gsimplecal.Tpo .deps/gsimplecal.Po
mv -f .deps/MainWindow.Tpo .deps/MainWindow.Po
mv -f .deps/Timezones.Tpo .deps/Timezones.Po
g++  -march=i686 -mtune=generic -O2 -pipe -fstack-protector --param=ssp-buffer-size=4 -D_FORTIFY_SOURCE=2 -Wl,--as-needed -Wl,-O1,--sort-common,--as-needed,-z,relro -o gsimplecal Boxable.o Calendar.o Clock.o Config.o gsimplecal.o MainWindow.o Timezones.o Unique.o  -lgtk-x11-2.0 -lgdk-x11-2.0 -latk-1.0 -lgio-2.0 -lpangoft2-1.0 -lpangocairo-1.0 -lgdk_pixbuf-2.0 -lcairo -lpango-1.0 -lfreetype -lfontconfig -lgobject-2.0 -lglib-2.0  
make[2]: Leaving directory `/build/src/gsimplecal-1.6/src'
make[1]: Leaving directory `/build/src/gsimplecal-1.6/src'
Making all in doc
make[1]: Entering directory `/build/src/gsimplecal-1.6/doc'
make[1]: Nothing to be done for `all'.
make[1]: Leaving directory `/build/src/gsimplecal-1.6/doc'
make[1]: Entering directory `/build/src/gsimplecal-1.6'
make[1]: Nothing to be done for `all-am'.
make[1]: Leaving directory `/build/src/gsimplecal-1.6'
