running install
running build
running build_py
creating build
creating build/lib
creating build/lib/gasp
copying gasp/backend.py -> build/lib/gasp
copying gasp/api.py -> build/lib/gasp
copying gasp/color.py -> build/lib/gasp
copying gasp/__init__.py -> build/lib/gasp
creating build/lib/gasp/images
copying gasp/images/gasp.png -> build/lib/gasp/images
running install_lib
creating /build/pkg/usr
creating /build/pkg/usr/lib
creating /build/pkg/usr/lib/python2.7
creating /build/pkg/usr/lib/python2.7/site-packages
creating /build/pkg/usr/lib/python2.7/site-packages/gasp
copying build/lib/gasp/backend.py -> /build/pkg/usr/lib/python2.7/site-packages/gasp
copying build/lib/gasp/api.py -> /build/pkg/usr/lib/python2.7/site-packages/gasp
copying build/lib/gasp/color.py -> /build/pkg/usr/lib/python2.7/site-packages/gasp
creating /build/pkg/usr/lib/python2.7/site-packages/gasp/images
copying build/lib/gasp/images/gasp.png -> /build/pkg/usr/lib/python2.7/site-packages/gasp/images
copying build/lib/gasp/__init__.py -> /build/pkg/usr/lib/python2.7/site-packages/gasp
byte-compiling /build/pkg/usr/lib/python2.7/site-packages/gasp/backend.py to backend.pyc
byte-compiling /build/pkg/usr/lib/python2.7/site-packages/gasp/api.py to api.pyc
byte-compiling /build/pkg/usr/lib/python2.7/site-packages/gasp/color.py to color.pyc
byte-compiling /build/pkg/usr/lib/python2.7/site-packages/gasp/__init__.py to __init__.pyc
running install_egg_info
running egg_info
writing requirements to gasp.egg-info/requires.txt
writing gasp.egg-info/PKG-INFO
writing top-level names to gasp.egg-info/top_level.txt
writing dependency_links to gasp.egg-info/dependency_links.txt
reading manifest file 'gasp.egg-info/SOURCES.txt'
reading manifest template 'MANIFEST.in'
writing manifest file 'gasp.egg-info/SOURCES.txt'
Copying gasp.egg-info to /build/pkg/usr/lib/python2.7/site-packages/gasp-0.3.4-py2.7.egg-info
running install_scripts
