checking build system type... i686-pc-linux-gnu
checking host system type... i686-pc-linux-gnu
checking target system type... i686-pc-linux-gnu
configure: configuring nss-pam-ldapd 0.8.12
checking for a BSD-compatible install... /usr/bin/install -c
checking whether build environment is sane... yes
checking for a thread-safe mkdir -p... /usr/bin/mkdir -p
checking for gawk... gawk
checking whether make sets $(MAKE)... yes
checking for gcc... gcc
checking whether the C compiler works... yes
checking for C compiler default output file name... a.out
checking for suffix of executables... 
checking whether we are cross compiling... no
checking for suffix of object files... o
checking whether we are using the GNU C compiler... yes
checking whether gcc accepts -g... yes
checking for gcc option to accept ISO C89... none needed
checking for style of include used by make... GNU
checking dependency style of gcc... gcc3
checking how to run the C preprocessor... gcc -E
checking for ranlib... ranlib
checking whether gcc and cc understand -c and -o together... yes
checking for grep that handles long lines and -e... /usr/bin/grep
checking for egrep... /usr/bin/grep -E
checking for ANSI C header files... yes
checking for sys/types.h... yes
checking for sys/stat.h... yes
checking for stdlib.h... yes
checking for string.h... yes
checking for memory.h... yes
checking for strings.h... yes
checking for inttypes.h... yes
checking for stdint.h... yes
checking for unistd.h... yes
checking minix/config.h usability... no
checking minix/config.h presence... no
checking for minix/config.h... no
checking whether it is safe to define __EXTENSIONS__... yes
checking whether ln -s works... yes
checking for docbook2x-man... no
configure: WARNING: docbook2x-man not found: not generating man pages
checking whether to enable maintainer-specific portions of Makefiles... yes
checking whether to build the NSS module... yes
checking whether to build the PAM module... yes
checking whether to build the nslcd daemon... yes
checking whether to build the pynslcd daemon... no
checking whether to enable SASL support... yes
checking whether to enable Kerberos support... yes
checking whether to check configfile options... yes
checking name of NSS module... libnss_ldap.so.2
checking name of PAM module... pam_ldap.so
checking ctype.h usability... yes
checking ctype.h presence... yes
checking for ctype.h... yes
checking for strings.h... (cached) yes
checking pthread.h usability... yes
checking pthread.h presence... yes
checking for pthread.h... yes
checking pthread_np.h usability... no
checking pthread_np.h presence... no
checking for pthread_np.h... no
checking fcntl.h usability... yes
checking fcntl.h presence... yes
checking for fcntl.h... yes
checking limits.h usability... yes
checking limits.h presence... yes
checking for limits.h... yes
checking nss.h usability... yes
checking nss.h presence... yes
checking for nss.h... yes
checking nss_common.h usability... no
checking nss_common.h presence... no
checking for nss_common.h... no
checking grp.h usability... yes
checking grp.h presence... yes
checking for grp.h... yes
checking shadow.h usability... yes
checking shadow.h presence... yes
checking for shadow.h... yes
checking aliases.h usability... yes
checking aliases.h presence... yes
checking for aliases.h... yes
checking netdb.h usability... yes
checking netdb.h presence... yes
checking for netdb.h... yes
checking rpc/rpcent.h usability... no
checking rpc/rpcent.h presence... no
checking for rpc/rpcent.h... no
checking netinet/ether.h usability... yes
checking netinet/ether.h presence... yes
checking for netinet/ether.h... yes
checking arpa/inet.h usability... yes
checking arpa/inet.h presence... yes
checking for arpa/inet.h... yes
checking netinet/in.h usability... yes
checking netinet/in.h presence... yes
checking for netinet/in.h... yes
checking nsswitch.h usability... no
checking nsswitch.h presence... no
checking for nsswitch.h... no
checking nss_dbdefs.h usability... no
checking nss_dbdefs.h presence... no
checking for nss_dbdefs.h... no
checking sys/socket.h usability... yes
checking sys/socket.h presence... yes
checking for sys/socket.h... yes
checking sys/un.h usability... yes
checking sys/un.h presence... yes
checking for sys/un.h... yes
checking sys/ucred.h usability... no
checking sys/ucred.h presence... no
checking for sys/ucred.h... no
checking ucred.h usability... no
checking ucred.h presence... no
checking for ucred.h... no
checking sys/param.h usability... yes
checking sys/param.h presence... yes
checking for sys/param.h... yes
checking sys/time.h usability... yes
checking sys/time.h presence... yes
checking for sys/time.h... yes
checking getopt.h usability... yes
checking getopt.h presence... yes
checking for getopt.h... yes
checking syslog.h usability... yes
checking syslog.h presence... yes
checking for syslog.h... yes
checking for inline... inline
checking for an ANSI C-conforming const... yes
checking for sigaction... yes
checking for snprintf... yes
checking for library containing socket... none required
checking for strcasecmp... yes
checking for strncasecmp... yes
checking for strchr... yes
checking for strcspn... yes
checking for strspn... yes
checking for strtol... yes
checking for strtoul... yes
checking for strtoull... yes
checking for malloc... yes
checking for realloc... yes
checking for pid_t... yes
checking vfork.h usability... no
checking vfork.h presence... no
checking for vfork.h... no
checking for fork... yes
checking for vfork... yes
checking for working fork... yes
checking for working vfork... (cached) yes
checking for __assert_fail... yes
checking for mode_t... yes
checking for size_t... yes
checking for uid_t in sys/types.h... yes
checking for pid_t... (cached) yes
checking for int32_t... yes
checking for uint8_t... yes
checking for uint16_t... yes
checking for uint32_t... yes
checking size of unsigned int... 4
checking size of unsigned long int... 4
checking size of unsigned long long int... 8
checking size of uid_t... 4
checking size of gid_t... 4
checking whether gcc supports '__thread'... yes
checking for struct ether_addr... yes
checking for ether_aton... yes
checking for ether_ntoa... yes
checking for ether_aton_r... yes
checking for ether_ntoa_r... yes
checking whether ether_aton is declared... yes
checking whether ether_ntoa is declared... yes
checking for socklen_t... yes
checking for struct aliasent... yes
checking for struct etherent... no
checking for struct passwd.pw_class... no
checking for struct rpcent... yes
checking for struct spwd... yes
checking for enum nss_status... yes
checking for nss_backend_t... no
checking for struct nss_XbyY_args.returnlen... no
checking which NSS flavour to build... glibc
checking which NSS maps to build... aliases,ethers,group,hosts,netgroup,networks,passwd,protocols,rpc,services,shadow
checking security/pam_appl.h usability... yes
checking security/pam_appl.h presence... yes
checking for security/pam_appl.h... yes
checking for security/pam_modules.h... yes
checking pam/pam_modules.h usability... no
checking pam/pam_modules.h presence... no
checking for pam/pam_modules.h... no
checking security/pam_ext.h usability... yes
checking security/pam_ext.h presence... yes
checking for security/pam_ext.h... yes
checking security/pam_modutil.h usability... yes
checking security/pam_modutil.h presence... yes
checking for security/pam_modutil.h... yes
checking for library containing pam_get_data... -lpam
checking for pam_get_authtok... yes
checking for pam_prompt... yes
checking for pam_modutil_getpwnam... yes
checking for pam_syslog... yes
checking lber.h usability... yes
checking lber.h presence... yes
checking for lber.h... yes
checking for ldap.h... yes
checking ldap_ssl.h usability... no
checking ldap_ssl.h presence... no
checking for ldap_ssl.h... no
checking gssldap.h usability... no
checking gssldap.h presence... no
checking for gssldap.h... no
checking sasl.h usability... no
checking sasl.h presence... no
checking for sasl.h... no
checking sasl/sasl.h usability... yes
checking sasl/sasl.h presence... yes
checking for sasl/sasl.h... yes
checking gsssasl.h usability... no
checking gsssasl.h presence... no
checking for gsssasl.h... no
checking gssapi/gssapi.h usability... yes
checking gssapi/gssapi.h presence... yes
checking for gssapi/gssapi.h... yes
checking gssapi/gssapi_generic.h usability... yes
checking gssapi/gssapi_generic.h presence... yes
checking for gssapi/gssapi_generic.h... yes
checking gssapi/gssapi_krb5.h usability... yes
checking gssapi/gssapi_krb5.h presence... yes
checking for gssapi/gssapi_krb5.h... yes
checking gssapi.h usability... yes
checking gssapi.h presence... yes
checking for gssapi.h... yes
checking regex.h usability... yes
checking regex.h presence... yes
checking for regex.h... yes
checking for library containing gethostbyname... none required
checking for library containing hstrerror... none required
checking for library containing dlopen... -ldl
checking for initgroups... yes
checking for setgroups... yes
checking for getpeereid... no
checking for getpeerucred... no
checking for __nss_configure_lookup... yes
checking for getenv... yes
checking for putenv... yes
checking for clearenv... yes
checking for dlopen... yes
checking for dlsym... yes
checking for dlerror... yes
checking for regcomp... yes
checking for regexec... yes
checking for regerror... yes
checking for getopt_long... yes
checking for strndup... yes
checking for library containing daemon... none required
checking for daemon... yes
checking whether daemon is declared... yes
checking for ether_aton_r... (cached) yes
checking for ether_ntoa_r... (cached) yes
checking for struct sockaddr_storage... yes
checking for struct ucred... yes
checking for the pthreads library -lpthreads... no
checking whether pthreads work without any flags... no
checking whether pthreads work with -Kthread... no
checking whether pthreads work with -kthread... no
checking for the pthreads library -llthread... no
checking whether pthreads work with -pthread... yes
checking for joinable pthread attribute... PTHREAD_CREATE_JOINABLE
checking if more special flags are required for pthreads... no
checking for PTHREAD_PRIO_INHERIT... yes
checking for pthread_mutex_lock... yes
checking for pthread_join... yes
checking for pthread_timedjoin_np... yes
checking for library containing ldap_search_ext... -lldap_r
checking for ldap_search_ext... yes
checking for library containing ber_bvfree... -llber
checking for sasl_interact_t... yes
checking for library containing ldap_sasl_interactive_bind_s... none required
checking for ldap_sasl_interactive_bind_s... yes
checking for library containing gss_krb5_ccache_name... -lgssapi_krb5
checking for gss_krb5_ccache_name... yes
checking for ldap_parse_result... yes
checking for ldap_memfree... yes
checking for ldap_controls_free... yes
checking for ldap_control_free... yes
checking for ldap_explode_dn... yes
checking for ldap_explode_rdn... yes
checking for ldap_set_option... yes
checking for ldap_get_option... yes
checking for ldap_abandon... yes
checking for ldap_simple_bind_s... yes
checking for ldap_unbind... yes
checking for ldap_set_rebind_proc... yes
checking for ldap_initialize... yes
checking for ldap_search_ext... (cached) yes
checking for ldap_create_control... yes
checking for ldap_extended_operation_s... yes
checking for ldap_domain2hostlist... yes
checking for ldap_domain2dn... yes
checking for ldap_get_values... yes
checking for ldap_value_free... yes
checking for ldap_get_dn... yes
checking for ldap_err2string... yes
checking for ldap_msgfree... yes
checking for ldap_result... yes
checking for ber_bvfree... yes
checking for ber_free... yes
checking for ber_set_option... yes
checking for ldap_create_page_control... yes
checking for ldap_parse_page_control... yes
checking whether ldap_extended_operation_s is declared... yes
checking for ldap_passwd_s... yes
checking for ldap_initialize... (cached) yes
checking number of arguments to ldap_set_rebind_proc... 3
checking return type of ldap_set_rebind_proc... int
configure: creating ./config.status
config.status: creating Makefile
config.status: creating compat/Makefile
config.status: creating common/Makefile
config.status: creating nss/Makefile
config.status: creating pam/Makefile
config.status: creating nslcd/Makefile
config.status: creating pynslcd/Makefile
config.status: creating pynslcd/config.py
config.status: creating man/Makefile
config.status: creating tests/Makefile
config.status: creating config.h
config.status: executing depfiles commands
make  all-recursive
make[1]: Entering directory `/build/src/nss-pam-ldapd-0.8.12'
Making all in compat
make[2]: Entering directory `/build/src/nss-pam-ldapd-0.8.12/compat'
gcc -DHAVE_CONFIG_H -I. -I..  -I..  -fPIC -march=i686 -mtune=generic -O2 -pipe -fstack-protector --param=ssp-buffer-size=4 -D_FORTIFY_SOURCE=2 -MT getpeercred.o -MD -MP -MF .deps/getpeercred.Tpo -c -o getpeercred.o getpeercred.c
mv -f .deps/getpeercred.Tpo .deps/getpeercred.Po
rm -f libcompat.a
ar cru libcompat.a getpeercred.o 
ranlib libcompat.a
make[2]: Leaving directory `/build/src/nss-pam-ldapd-0.8.12/compat'
Making all in common
make[2]: Entering directory `/build/src/nss-pam-ldapd-0.8.12/common'
gcc -DHAVE_CONFIG_H -I. -I..  -I..  -fPIC -march=i686 -mtune=generic -O2 -pipe -fstack-protector --param=ssp-buffer-size=4 -D_FORTIFY_SOURCE=2 -MT tio.o -MD -MP -MF .deps/tio.Tpo -c -o tio.o tio.c
mv -f .deps/tio.Tpo .deps/tio.Po
rm -f libtio.a
ar cru libtio.a tio.o 
ranlib libtio.a
gcc -DHAVE_CONFIG_H -I. -I..  -I..  -fPIC -march=i686 -mtune=generic -O2 -pipe -fstack-protector --param=ssp-buffer-size=4 -D_FORTIFY_SOURCE=2 -MT nslcd-prot.o -MD -MP -MF .deps/nslcd-prot.Tpo -c -o nslcd-prot.o nslcd-prot.c
mv -f .deps/nslcd-prot.Tpo .deps/nslcd-prot.Po
rm -f libprot.a
ar cru libprot.a nslcd-prot.o 
ranlib libprot.a
gcc -DHAVE_CONFIG_H -I. -I..  -I..  -fPIC -march=i686 -mtune=generic -O2 -pipe -fstack-protector --param=ssp-buffer-size=4 -D_FORTIFY_SOURCE=2 -MT dict.o -MD -MP -MF .deps/dict.Tpo -c -o dict.o dict.c
mv -f .deps/dict.Tpo .deps/dict.Po
gcc -DHAVE_CONFIG_H -I. -I..  -I..  -fPIC -march=i686 -mtune=generic -O2 -pipe -fstack-protector --param=ssp-buffer-size=4 -D_FORTIFY_SOURCE=2 -MT set.o -MD -MP -MF .deps/set.Tpo -c -o set.o set.c
mv -f .deps/set.Tpo .deps/set.Po
rm -f libdict.a
ar cru libdict.a dict.o set.o 
ranlib libdict.a
gcc -DHAVE_CONFIG_H -I. -I..  -I..  -fPIC -march=i686 -mtune=generic -O2 -pipe -fstack-protector --param=ssp-buffer-size=4 -D_FORTIFY_SOURCE=2 -MT expr.o -MD -MP -MF .deps/expr.Tpo -c -o expr.o expr.c
mv -f .deps/expr.Tpo .deps/expr.Po
rm -f libexpr.a
ar cru libexpr.a expr.o 
ranlib libexpr.a
make[2]: Leaving directory `/build/src/nss-pam-ldapd-0.8.12/common'
Making all in nss
make[2]: Entering directory `/build/src/nss-pam-ldapd-0.8.12/nss'
gcc -DHAVE_CONFIG_H -I. -I..  -I..  -fPIC -march=i686 -mtune=generic -O2 -pipe -fstack-protector --param=ssp-buffer-size=4 -D_FORTIFY_SOURCE=2 -MT common.o -MD -MP -MF .deps/common.Tpo -c -o common.o common.c
mv -f .deps/common.Tpo .deps/common.Po
gcc -DHAVE_CONFIG_H -I. -I..  -I..  -fPIC -march=i686 -mtune=generic -O2 -pipe -fstack-protector --param=ssp-buffer-size=4 -D_FORTIFY_SOURCE=2 -MT aliases.o -MD -MP -MF .deps/aliases.Tpo -c -o aliases.o aliases.c
mv -f .deps/aliases.Tpo .deps/aliases.Po
gcc -DHAVE_CONFIG_H -I. -I..  -I..  -fPIC -march=i686 -mtune=generic -O2 -pipe -fstack-protector --param=ssp-buffer-size=4 -D_FORTIFY_SOURCE=2 -MT ethers.o -MD -MP -MF .deps/ethers.Tpo -c -o ethers.o ethers.c
mv -f .deps/ethers.Tpo .deps/ethers.Po
gcc -DHAVE_CONFIG_H -I. -I..  -I..  -fPIC -march=i686 -mtune=generic -O2 -pipe -fstack-protector --param=ssp-buffer-size=4 -D_FORTIFY_SOURCE=2 -MT group.o -MD -MP -MF .deps/group.Tpo -c -o group.o group.c
mv -f .deps/group.Tpo .deps/group.Po
gcc -DHAVE_CONFIG_H -I. -I..  -I..  -fPIC -march=i686 -mtune=generic -O2 -pipe -fstack-protector --param=ssp-buffer-size=4 -D_FORTIFY_SOURCE=2 -MT hosts.o -MD -MP -MF .deps/hosts.Tpo -c -o hosts.o hosts.c
mv -f .deps/hosts.Tpo .deps/hosts.Po
gcc -DHAVE_CONFIG_H -I. -I..  -I..  -fPIC -march=i686 -mtune=generic -O2 -pipe -fstack-protector --param=ssp-buffer-size=4 -D_FORTIFY_SOURCE=2 -MT netgroup.o -MD -MP -MF .deps/netgroup.Tpo -c -o netgroup.o netgroup.c
mv -f .deps/netgroup.Tpo .deps/netgroup.Po
gcc -DHAVE_CONFIG_H -I. -I..  -I..  -fPIC -march=i686 -mtune=generic -O2 -pipe -fstack-protector --param=ssp-buffer-size=4 -D_FORTIFY_SOURCE=2 -MT networks.o -MD -MP -MF .deps/networks.Tpo -c -o networks.o networks.c
mv -f .deps/networks.Tpo .deps/networks.Po
gcc -DHAVE_CONFIG_H -I. -I..  -I..  -fPIC -march=i686 -mtune=generic -O2 -pipe -fstack-protector --param=ssp-buffer-size=4 -D_FORTIFY_SOURCE=2 -MT passwd.o -MD -MP -MF .deps/passwd.Tpo -c -o passwd.o passwd.c
mv -f .deps/passwd.Tpo .deps/passwd.Po
gcc -DHAVE_CONFIG_H -I. -I..  -I..  -fPIC -march=i686 -mtune=generic -O2 -pipe -fstack-protector --param=ssp-buffer-size=4 -D_FORTIFY_SOURCE=2 -MT protocols.o -MD -MP -MF .deps/protocols.Tpo -c -o protocols.o protocols.c
mv -f .deps/protocols.Tpo .deps/protocols.Po
gcc -DHAVE_CONFIG_H -I. -I..  -I..  -fPIC -march=i686 -mtune=generic -O2 -pipe -fstack-protector --param=ssp-buffer-size=4 -D_FORTIFY_SOURCE=2 -MT rpc.o -MD -MP -MF .deps/rpc.Tpo -c -o rpc.o rpc.c
mv -f .deps/rpc.Tpo .deps/rpc.Po
gcc -DHAVE_CONFIG_H -I. -I..  -I..  -fPIC -march=i686 -mtune=generic -O2 -pipe -fstack-protector --param=ssp-buffer-size=4 -D_FORTIFY_SOURCE=2 -MT services.o -MD -MP -MF .deps/services.Tpo -c -o services.o services.c
mv -f .deps/services.Tpo .deps/services.Po
gcc -DHAVE_CONFIG_H -I. -I..  -I..  -fPIC -march=i686 -mtune=generic -O2 -pipe -fstack-protector --param=ssp-buffer-size=4 -D_FORTIFY_SOURCE=2 -MT shadow.o -MD -MP -MF .deps/shadow.Tpo -c -o shadow.o shadow.c
mv -f .deps/shadow.Tpo .deps/shadow.Po
gcc -fPIC -march=i686 -mtune=generic -O2 -pipe -fstack-protector --param=ssp-buffer-size=4 -D_FORTIFY_SOURCE=2 -shared -Wl,-h,libnss_ldap.so.2 -Wl,--version-script,./exports.glibc -Wl,-O1,--sort-common,--as-needed,-z,relro -o nss_ldap.so common.o aliases.o ethers.o group.o hosts.o netgroup.o networks.o passwd.o protocols.o rpc.o services.o shadow.o    ../common/libtio.a ../common/libprot.a 
make[2]: Leaving directory `/build/src/nss-pam-ldapd-0.8.12/nss'
Making all in pam
make[2]: Entering directory `/build/src/nss-pam-ldapd-0.8.12/pam'
gcc -DHAVE_CONFIG_H -I. -I..  -I..  -fPIC -march=i686 -mtune=generic -O2 -pipe -fstack-protector --param=ssp-buffer-size=4 -D_FORTIFY_SOURCE=2 -MT pam.o -MD -MP -MF .deps/pam.Tpo -c -o pam.o pam.c
mv -f .deps/pam.Tpo .deps/pam.Po
gcc -fPIC -march=i686 -mtune=generic -O2 -pipe -fstack-protector --param=ssp-buffer-size=4 -D_FORTIFY_SOURCE=2 -shared -Wl,--version-script,./pam_ldap.map -Wl,-O1,--sort-common,--as-needed,-z,relro -o pam_ldap.so pam.o ../common/libtio.a ../common/libprot.a ../compat/libcompat.a -lpam 
make[2]: Leaving directory `/build/src/nss-pam-ldapd-0.8.12/pam'
Making all in nslcd
make[2]: Entering directory `/build/src/nss-pam-ldapd-0.8.12/nslcd'
gcc -DHAVE_CONFIG_H -I. -I..  -I..  -pthread -march=i686 -mtune=generic -O2 -pipe -fstack-protector --param=ssp-buffer-size=4 -D_FORTIFY_SOURCE=2 -MT nslcd.o -MD -MP -MF .deps/nslcd.Tpo -c -o nslcd.o nslcd.c
mv -f .deps/nslcd.Tpo .deps/nslcd.Po
gcc -DHAVE_CONFIG_H -I. -I..  -I..  -pthread -march=i686 -mtune=generic -O2 -pipe -fstack-protector --param=ssp-buffer-size=4 -D_FORTIFY_SOURCE=2 -MT log.o -MD -MP -MF .deps/log.Tpo -c -o log.o log.c
mv -f .deps/log.Tpo .deps/log.Po
gcc -DHAVE_CONFIG_H -I. -I..  -I..  -pthread -march=i686 -mtune=generic -O2 -pipe -fstack-protector --param=ssp-buffer-size=4 -D_FORTIFY_SOURCE=2 -MT common.o -MD -MP -MF .deps/common.Tpo -c -o common.o common.c
mv -f .deps/common.Tpo .deps/common.Po
gcc -DHAVE_CONFIG_H -I. -I..  -I..  -pthread -march=i686 -mtune=generic -O2 -pipe -fstack-protector --param=ssp-buffer-size=4 -D_FORTIFY_SOURCE=2 -MT myldap.o -MD -MP -MF .deps/myldap.Tpo -c -o myldap.o myldap.c
mv -f .deps/myldap.Tpo .deps/myldap.Po
gcc -DHAVE_CONFIG_H -I. -I..  -I..  -pthread -march=i686 -mtune=generic -O2 -pipe -fstack-protector --param=ssp-buffer-size=4 -D_FORTIFY_SOURCE=2 -MT cfg.o -MD -MP -MF .deps/cfg.Tpo -c -o cfg.o cfg.c
mv -f .deps/cfg.Tpo .deps/cfg.Po
gcc -DHAVE_CONFIG_H -I. -I..  -I..  -pthread -march=i686 -mtune=generic -O2 -pipe -fstack-protector --param=ssp-buffer-size=4 -D_FORTIFY_SOURCE=2 -MT attmap.o -MD -MP -MF .deps/attmap.Tpo -c -o attmap.o attmap.c
mv -f .deps/attmap.Tpo .deps/attmap.Po
gcc -DHAVE_CONFIG_H -I. -I..  -I..  -pthread -march=i686 -mtune=generic -O2 -pipe -fstack-protector --param=ssp-buffer-size=4 -D_FORTIFY_SOURCE=2 -MT nsswitch.o -MD -MP -MF .deps/nsswitch.Tpo -c -o nsswitch.o nsswitch.c
mv -f .deps/nsswitch.Tpo .deps/nsswitch.Po
gcc -DHAVE_CONFIG_H -I. -I..  -I..  -pthread -march=i686 -mtune=generic -O2 -pipe -fstack-protector --param=ssp-buffer-size=4 -D_FORTIFY_SOURCE=2 -MT alias.o -MD -MP -MF .deps/alias.Tpo -c -o alias.o alias.c
mv -f .deps/alias.Tpo .deps/alias.Po
gcc -DHAVE_CONFIG_H -I. -I..  -I..  -pthread -march=i686 -mtune=generic -O2 -pipe -fstack-protector --param=ssp-buffer-size=4 -D_FORTIFY_SOURCE=2 -MT config.o -MD -MP -MF .deps/config.Tpo -c -o config.o config.c
mv -f .deps/config.Tpo .deps/config.Po
gcc -DHAVE_CONFIG_H -I. -I..  -I..  -pthread -march=i686 -mtune=generic -O2 -pipe -fstack-protector --param=ssp-buffer-size=4 -D_FORTIFY_SOURCE=2 -MT ether.o -MD -MP -MF .deps/ether.Tpo -c -o ether.o ether.c
mv -f .deps/ether.Tpo .deps/ether.Po
gcc -DHAVE_CONFIG_H -I. -I..  -I..  -pthread -march=i686 -mtune=generic -O2 -pipe -fstack-protector --param=ssp-buffer-size=4 -D_FORTIFY_SOURCE=2 -MT group.o -MD -MP -MF .deps/group.Tpo -c -o group.o group.c
mv -f .deps/group.Tpo .deps/group.Po
gcc -DHAVE_CONFIG_H -I. -I..  -I..  -pthread -march=i686 -mtune=generic -O2 -pipe -fstack-protector --param=ssp-buffer-size=4 -D_FORTIFY_SOURCE=2 -MT host.o -MD -MP -MF .deps/host.Tpo -c -o host.o host.c
mv -f .deps/host.Tpo .deps/host.Po
gcc -DHAVE_CONFIG_H -I. -I..  -I..  -pthread -march=i686 -mtune=generic -O2 -pipe -fstack-protector --param=ssp-buffer-size=4 -D_FORTIFY_SOURCE=2 -MT netgroup.o -MD -MP -MF .deps/netgroup.Tpo -c -o netgroup.o netgroup.c
mv -f .deps/netgroup.Tpo .deps/netgroup.Po
gcc -DHAVE_CONFIG_H -I. -I..  -I..  -pthread -march=i686 -mtune=generic -O2 -pipe -fstack-protector --param=ssp-buffer-size=4 -D_FORTIFY_SOURCE=2 -MT network.o -MD -MP -MF .deps/network.Tpo -c -o network.o network.c
mv -f .deps/network.Tpo .deps/network.Po
gcc -DHAVE_CONFIG_H -I. -I..  -I..  -pthread -march=i686 -mtune=generic -O2 -pipe -fstack-protector --param=ssp-buffer-size=4 -D_FORTIFY_SOURCE=2 -MT passwd.o -MD -MP -MF .deps/passwd.Tpo -c -o passwd.o passwd.c
mv -f .deps/passwd.Tpo .deps/passwd.Po
gcc -DHAVE_CONFIG_H -I. -I..  -I..  -pthread -march=i686 -mtune=generic -O2 -pipe -fstack-protector --param=ssp-buffer-size=4 -D_FORTIFY_SOURCE=2 -MT protocol.o -MD -MP -MF .deps/protocol.Tpo -c -o protocol.o protocol.c
mv -f .deps/protocol.Tpo .deps/protocol.Po
gcc -DHAVE_CONFIG_H -I. -I..  -I..  -pthread -march=i686 -mtune=generic -O2 -pipe -fstack-protector --param=ssp-buffer-size=4 -D_FORTIFY_SOURCE=2 -MT rpc.o -MD -MP -MF .deps/rpc.Tpo -c -o rpc.o rpc.c
mv -f .deps/rpc.Tpo .deps/rpc.Po
gcc -DHAVE_CONFIG_H -I. -I..  -I..  -pthread -march=i686 -mtune=generic -O2 -pipe -fstack-protector --param=ssp-buffer-size=4 -D_FORTIFY_SOURCE=2 -MT service.o -MD -MP -MF .deps/service.Tpo -c -o service.o service.c
mv -f .deps/service.Tpo .deps/service.Po
gcc -DHAVE_CONFIG_H -I. -I..  -I..  -pthread -march=i686 -mtune=generic -O2 -pipe -fstack-protector --param=ssp-buffer-size=4 -D_FORTIFY_SOURCE=2 -MT shadow.o -MD -MP -MF .deps/shadow.Tpo -c -o shadow.o shadow.c
mv -f .deps/shadow.Tpo .deps/shadow.Po
gcc -DHAVE_CONFIG_H -I. -I..  -I..  -pthread -march=i686 -mtune=generic -O2 -pipe -fstack-protector --param=ssp-buffer-size=4 -D_FORTIFY_SOURCE=2 -MT pam.o -MD -MP -MF .deps/pam.Tpo -c -o pam.o pam.c
mv -f .deps/pam.Tpo .deps/pam.Po
gcc -pthread -march=i686 -mtune=generic -O2 -pipe -fstack-protector --param=ssp-buffer-size=4 -D_FORTIFY_SOURCE=2  -Wl,-O1,--sort-common,--as-needed,-z,relro -o nslcd nslcd.o log.o common.o myldap.o cfg.o attmap.o nsswitch.o alias.o config.o ether.o group.o host.o netgroup.o network.o passwd.o protocol.o rpc.o service.o shadow.o pam.o ../common/libtio.a ../common/libdict.a ../common/libexpr.a ../compat/libcompat.a -lgssapi_krb5 -llber -lldap_r -ldl   
make[2]: Leaving directory `/build/src/nss-pam-ldapd-0.8.12/nslcd'
Making all in man
make[2]: Entering directory `/build/src/nss-pam-ldapd-0.8.12/man'
make[2]: Nothing to be done for `all'.
make[2]: Leaving directory `/build/src/nss-pam-ldapd-0.8.12/man'
Making all in tests
make[2]: Entering directory `/build/src/nss-pam-ldapd-0.8.12/tests'
make[2]: Nothing to be done for `all'.
make[2]: Leaving directory `/build/src/nss-pam-ldapd-0.8.12/tests'
make[2]: Entering directory `/build/src/nss-pam-ldapd-0.8.12'
make[2]: Leaving directory `/build/src/nss-pam-ldapd-0.8.12'
make[1]: Leaving directory `/build/src/nss-pam-ldapd-0.8.12'
