Making install in src
make[1]: Entering directory `/build/src/gsimplecal-1.6/src'
make[2]: Entering directory `/build/src/gsimplecal-1.6/src'
make[2]: Nothing to be done for `install-data-am'.
 /bin/mkdir -p '/build/pkg/usr/bin'
  /usr/bin/install -c gsimplecal '/build/pkg/usr/bin'
make[2]: Leaving directory `/build/src/gsimplecal-1.6/src'
make[1]: Leaving directory `/build/src/gsimplecal-1.6/src'
Making install in doc
make[1]: Entering directory `/build/src/gsimplecal-1.6/doc'
make[2]: Entering directory `/build/src/gsimplecal-1.6/doc'
make[2]: Nothing to be done for `install-exec-am'.
 /bin/mkdir -p '/build/pkg/usr/share/man/man1'
 /usr/bin/install -c -m 644 gsimplecal.1 '/build/pkg/usr/share/man/man1'
make[2]: Leaving directory `/build/src/gsimplecal-1.6/doc'
make[1]: Leaving directory `/build/src/gsimplecal-1.6/doc'
make[1]: Entering directory `/build/src/gsimplecal-1.6'
make[2]: Entering directory `/build/src/gsimplecal-1.6'
make[2]: Nothing to be done for `install-exec-am'.
make[2]: Nothing to be done for `install-data-am'.
make[2]: Leaving directory `/build/src/gsimplecal-1.6'
make[1]: Leaving directory `/build/src/gsimplecal-1.6'
