Making install in man
make[1]: Entering directory `/build/src/dvdbackup-0.4.2/man'
make[2]: Entering directory `/build/src/dvdbackup-0.4.2/man'
make[2]: Nothing to be done for `install-exec-am'.
test -z "/usr/share/man/man1" || /bin/mkdir -p "/build/pkg/usr/share/man/man1"
 /usr/bin/install -c -m 644 dvdbackup.1 '/build/pkg/usr/share/man/man1'
make[2]: Leaving directory `/build/src/dvdbackup-0.4.2/man'
make[1]: Leaving directory `/build/src/dvdbackup-0.4.2/man'
Making install in po
make[1]: Entering directory `/build/src/dvdbackup-0.4.2/po'
/bin/mkdir -p /build/pkg/usr/share
installing da.gmo as /build/pkg/usr/share/locale/da/LC_MESSAGES/dvdbackup.mo
installing de.gmo as /build/pkg/usr/share/locale/de/LC_MESSAGES/dvdbackup.mo
installing en@quot.gmo as /build/pkg/usr/share/locale/en@quot/LC_MESSAGES/dvdbackup.mo
installing en@boldquot.gmo as /build/pkg/usr/share/locale/en@boldquot/LC_MESSAGES/dvdbackup.mo
installing en_GB.gmo as /build/pkg/usr/share/locale/en_GB/LC_MESSAGES/dvdbackup.mo
installing es.gmo as /build/pkg/usr/share/locale/es/LC_MESSAGES/dvdbackup.mo
installing et.gmo as /build/pkg/usr/share/locale/et/LC_MESSAGES/dvdbackup.mo
installing fr.gmo as /build/pkg/usr/share/locale/fr/LC_MESSAGES/dvdbackup.mo
installing gl.gmo as /build/pkg/usr/share/locale/gl/LC_MESSAGES/dvdbackup.mo
installing it.gmo as /build/pkg/usr/share/locale/it/LC_MESSAGES/dvdbackup.mo
installing nb.gmo as /build/pkg/usr/share/locale/nb/LC_MESSAGES/dvdbackup.mo
installing pt.gmo as /build/pkg/usr/share/locale/pt/LC_MESSAGES/dvdbackup.mo
installing ru.gmo as /build/pkg/usr/share/locale/ru/LC_MESSAGES/dvdbackup.mo
installing sk.gmo as /build/pkg/usr/share/locale/sk/LC_MESSAGES/dvdbackup.mo
installing tr.gmo as /build/pkg/usr/share/locale/tr/LC_MESSAGES/dvdbackup.mo
if test "dvdbackup" = "gettext-tools"; then \
  /bin/mkdir -p /build/pkg/usr/share/gettext/po; \
  for file in Makefile.in.in remove-potcdate.sin quot.sed boldquot.sed en@quot.header en@boldquot.header insert-header.sin Rules-quot   Makevars.template; do \
    /usr/bin/install -c -m 644 ./$file \
		    /build/pkg/usr/share/gettext/po/$file; \
  done; \
  for file in Makevars; do \
    rm -f /build/pkg/usr/share/gettext/po/$file; \
  done; \
else \
  : ; \
fi
make[1]: Leaving directory `/build/src/dvdbackup-0.4.2/po'
Making install in src
make[1]: Entering directory `/build/src/dvdbackup-0.4.2/src'
make[2]: Entering directory `/build/src/dvdbackup-0.4.2/src'
test -z "/usr/bin" || /bin/mkdir -p "/build/pkg/usr/bin"
make[2]: Nothing to be done for `install-data-am'.
  /usr/bin/install -c dvdbackup '/build/pkg/usr/bin'
make[2]: Leaving directory `/build/src/dvdbackup-0.4.2/src'
make[1]: Leaving directory `/build/src/dvdbackup-0.4.2/src'
make[1]: Entering directory `/build/src/dvdbackup-0.4.2'
make[2]: Entering directory `/build/src/dvdbackup-0.4.2'
make[2]: Nothing to be done for `install-exec-am'.
test -z "/usr/share/doc/dvdbackup" || /bin/mkdir -p "/build/pkg/usr/share/doc/dvdbackup"
 /usr/bin/install -c -m 644 NEWS README '/build/pkg/usr/share/doc/dvdbackup'
make[2]: Leaving directory `/build/src/dvdbackup-0.4.2'
make[1]: Leaving directory `/build/src/dvdbackup-0.4.2'
