running install
running build
running build_py
running install_lib
creating /build/simplesoapy/pkg/simplesoapy/usr
creating /build/simplesoapy/pkg/simplesoapy/usr/lib
creating /build/simplesoapy/pkg/simplesoapy/usr/lib/python3.7
creating /build/simplesoapy/pkg/simplesoapy/usr/lib/python3.7/site-packages
copying build/lib/simplesoapy.py -> /build/simplesoapy/pkg/simplesoapy/usr/lib/python3.7/site-packages
byte-compiling /build/simplesoapy/pkg/simplesoapy/usr/lib/python3.7/site-packages/simplesoapy.py to simplesoapy.cpython-37.pyc
running install_egg_info
running egg_info
creating SimpleSoapy.egg-info
writing SimpleSoapy.egg-info/PKG-INFO
writing dependency_links to SimpleSoapy.egg-info/dependency_links.txt
writing requirements to SimpleSoapy.egg-info/requires.txt
writing top-level names to SimpleSoapy.egg-info/top_level.txt
writing manifest file 'SimpleSoapy.egg-info/SOURCES.txt'
reading manifest file 'SimpleSoapy.egg-info/SOURCES.txt'
reading manifest template 'MANIFEST.in'
writing manifest file 'SimpleSoapy.egg-info/SOURCES.txt'
Copying SimpleSoapy.egg-info to /build/simplesoapy/pkg/simplesoapy/usr/lib/python3.7/site-packages/SimpleSoapy-1.5.1-py3.7.egg-info
running install_scripts
