checking for a BSD-compatible install... /usr/bin/install -c
checking whether build environment is sane... yes
checking for a thread-safe mkdir -p... /bin/mkdir -p
checking for gawk... gawk
checking whether make sets $(MAKE)... yes
checking whether NLS is requested... yes
checking for msgfmt... /usr/bin/msgfmt
checking for gmsgfmt... /usr/bin/msgfmt
checking for xgettext... /usr/bin/xgettext
checking for msgmerge... /usr/bin/msgmerge
checking for style of include used by make... GNU
checking for gcc... gcc
checking whether the C compiler works... yes
checking for C compiler default output file name... a.out
checking for suffix of executables... 
checking whether we are cross compiling... no
checking for suffix of object files... o
checking whether we are using the GNU C compiler... yes
checking whether gcc accepts -g... yes
checking for gcc option to accept ISO C89... none needed
checking dependency style of gcc... gcc3
checking build system type... i686-pc-linux-gnu
checking host system type... i686-pc-linux-gnu
checking for ld used by GCC... /usr/bin/ld
checking if the linker (/usr/bin/ld) is GNU ld... yes
checking for shared library run path origin... done
checking for CFPreferencesCopyAppValue... no
checking for CFLocaleCopyCurrent... no
checking for GNU gettext in libc... yes
checking whether to use NLS... yes
checking where the gettext function comes from... libc
checking whether to enable maintainer-specific portions of Makefiles... no
checking for gcc option to accept ISO C99... -std=gnu99
checking whether ln -s works... yes
checking for DVDOpen in -ldvdread... yes
checking for DVDFileStat in -ldvdread... yes
checking how to run the C preprocessor... gcc -std=gnu99 -E
checking for grep that handles long lines and -e... /usr/bin/grep
checking for egrep... /usr/bin/grep -E
checking for ANSI C header files... yes
checking for sys/types.h... yes
checking for sys/stat.h... yes
checking for stdlib.h... yes
checking for string.h... yes
checking for memory.h... yes
checking for strings.h... yes
checking for inttypes.h... yes
checking for stdint.h... yes
checking for unistd.h... yes
checking dvdread/dvd_reader.h usability... yes
checking dvdread/dvd_reader.h presence... yes
checking for dvdread/dvd_reader.h... yes
checking fcntl.h usability... yes
checking fcntl.h presence... yes
checking for fcntl.h... yes
checking libintl.h usability... yes
checking libintl.h presence... yes
checking for libintl.h... yes
checking limits.h usability... yes
checking limits.h presence... yes
checking for limits.h... yes
checking locale.h usability... yes
checking locale.h presence... yes
checking for locale.h... yes
checking for stdint.h... (cached) yes
checking for stdlib.h... (cached) yes
checking for string.h... (cached) yes
checking for unistd.h... (cached) yes
checking for stdbool.h that conforms to C99... yes
checking for _Bool... yes
checking for an ANSI C-conforming const... yes
checking for inline... inline
checking for off_t... yes
checking for size_t... yes
checking for stdlib.h... (cached) yes
checking for GNU libc compatible malloc... yes
checking whether lstat correctly handles trailing slash... yes
checking whether stat accepts an empty string... no
checking for mkdir... yes
checking for setlocale... yes
checking for strstr... yes
checking for special C compiler options needed for large files... no
checking for _FILE_OFFSET_BITS value needed for large files... 64
configure: creating ./config.status
config.status: creating Makefile
config.status: creating man/Makefile
config.status: creating po/Makefile.in
config.status: creating src/Makefile
config.status: creating config.h
config.status: executing po-directories commands
config.status: creating po/POTFILES
config.status: creating po/Makefile
config.status: executing depfiles commands
make  all-recursive
make[1]: Entering directory `/build/src/dvdbackup-0.4.2'
Making all in man
make[2]: Entering directory `/build/src/dvdbackup-0.4.2/man'
make[2]: Nothing to be done for `all'.
make[2]: Leaving directory `/build/src/dvdbackup-0.4.2/man'
Making all in po
make[2]: Entering directory `/build/src/dvdbackup-0.4.2/po'
make[2]: Leaving directory `/build/src/dvdbackup-0.4.2/po'
Making all in src
make[2]: Entering directory `/build/src/dvdbackup-0.4.2/src'
gcc -std=gnu99 -DHAVE_CONFIG_H -I. -I..    -DLOCALEDIR=\"/usr/share/locale\" -march=i686 -mtune=generic -O2 -pipe -fstack-protector --param=ssp-buffer-size=4 -D_FORTIFY_SOURCE=2 -pedantic -Wall -Wextra -D_LARGEFILE_SOURCE -D_FILE_OFFSET_BITS=64 -MT main.o -MD -MP -MF .deps/main.Tpo -c -o main.o main.c
gcc -std=gnu99 -DHAVE_CONFIG_H -I. -I..    -DLOCALEDIR=\"/usr/share/locale\" -march=i686 -mtune=generic -O2 -pipe -fstack-protector --param=ssp-buffer-size=4 -D_FORTIFY_SOURCE=2 -pedantic -Wall -Wextra -D_LARGEFILE_SOURCE -D_FILE_OFFSET_BITS=64 -MT dvdbackup.o -MD -MP -MF .deps/dvdbackup.Tpo -c -o dvdbackup.o dvdbackup.c
dvdbackup.c: In function 'DVDWriteCells':
dvdbackup.c:172:22: warning: unused parameter 'title_set_info' [-Wunused-parameter]
mv -f .deps/main.Tpo .deps/main.Po
mv -f .deps/dvdbackup.Tpo .deps/dvdbackup.Po
gcc -std=gnu99 -DLOCALEDIR=\"/usr/share/locale\" -march=i686 -mtune=generic -O2 -pipe -fstack-protector --param=ssp-buffer-size=4 -D_FORTIFY_SOURCE=2 -pedantic -Wall -Wextra -D_LARGEFILE_SOURCE -D_FILE_OFFSET_BITS=64  -Wl,-O1,--sort-common,--as-needed,-z,relro -o dvdbackup main.o dvdbackup.o  -ldvdread 
make[2]: Leaving directory `/build/src/dvdbackup-0.4.2/src'
make[2]: Entering directory `/build/src/dvdbackup-0.4.2'
make[2]: Leaving directory `/build/src/dvdbackup-0.4.2'
make[1]: Leaving directory `/build/src/dvdbackup-0.4.2'
